<?xml version="1.0" encoding="UTF-8"?>
<!-- Generated by org.testng.reporters.JUnitXMLReporter -->
<testsuite hostname="BLRDSPRASAD" name="GRP-DestinationSearch" tests="4" failures="0" timestamp="12 Feb 2019 05:44:24 GMT" time="237.281" errors="0">
  <testcase name="verificationOfDestinationSearchAll" time="5.685" classname="com.hotelhub.powermode.tests.RegressionTest"/>
  <testcase name="verificationOfDestinationSearchGoogle" time="68.143" classname="com.hotelhub.powermode.tests.RegressionTest"/>
  <testcase name="verificationOfDestinationSearchHotel" time="68.195" classname="com.hotelhub.powermode.tests.RegressionTest"/>
  <testcase name="verificationOfDestinationSearchAirport" time="67.71" classname="com.hotelhub.powermode.tests.RegressionTest"/>
</testsuite> <!-- GRP-DestinationSearch -->
