<?xml version="1.0" encoding="UTF-8"?>
<!-- Generated by org.testng.reporters.JUnitXMLReporter -->
<testsuite hostname="BLRDSPRASAD" name="GRP-Demo" tests="4" failures="0" timestamp="1 Feb 2019 12:04:00 GMT" time="146.578" errors="0">
  <testcase name="BCOMbookingWithAutoBookFeature" time="31.254" classname="com.hotelhub.powermode.tests.HotelBookingTest"/>
  <testcase name="BCOMbookingByAddingNewVISACard" time="29.915" classname="com.hotelhub.powermode.tests.HotelBookingTest"/>
  <testcase name="HHEbookingWithAutoBookFeature" time="26.286" classname="com.hotelhub.powermode.tests.HotelBookingTest"/>
  <testcase name="HHEbookingByAddingNewVISACard" time="28.511" classname="com.hotelhub.powermode.tests.HotelBookingTest"/>
</testsuite> <!-- GRP-Demo -->
