<?xml version="1.0" encoding="UTF-8"?>
<!-- Generated by org.testng.reporters.JUnitXMLReporter -->
<testsuite hostname="BLRDSPRASAD" ignored="9" name="Default test" tests="0" failures="0" timestamp="03 May 2019 06:19:20 GMT" time="25.824" errors="0">
  <testcase name="HHEbookingWithAutoBookFeature" time="0.0" classname="com.hotelhub.powermode.tests.HotelBookingTest">
    <ignored/>
  </testcase> <!-- HHEbookingWithAutoBookFeature -->
  <testcase name="loginTest" time="0.0" classname="com.hotelhub.powermode.tests.HotelBookingTest">
    <ignored/>
  </testcase> <!-- loginTest -->
  <testcase name="HHEbookingByAddingNewVISACard" time="0.0" classname="com.hotelhub.powermode.tests.HotelBookingTest">
    <ignored/>
  </testcase> <!-- HHEbookingByAddingNewVISACard -->
  <testcase name="BCOMbookingWithPortraitCard" time="0.0" classname="com.hotelhub.powermode.tests.HotelBookingTest">
    <ignored/>
  </testcase> <!-- BCOMbookingWithPortraitCard -->
  <testcase name="BCOMbookingByAddingNewAMEXCard" time="0.0" classname="com.hotelhub.powermode.tests.HotelBookingTest">
    <ignored/>
  </testcase> <!-- BCOMbookingByAddingNewAMEXCard -->
  <testcase name="OnRequestBookingFulfillNow" time="0.0" classname="com.hotelhub.powermode.tests.HotelBookingTest">
    <ignored/>
  </testcase> <!-- OnRequestBookingFulfillNow -->
  <testcase name="HHEbookingByAddingNewAMEXCard" time="0.0" classname="com.hotelhub.powermode.tests.HotelBookingTest">
    <ignored/>
  </testcase> <!-- HHEbookingByAddingNewAMEXCard -->
  <testcase name="BCOMbookingWithAutoBookFeature" time="0.0" classname="com.hotelhub.powermode.tests.HotelBookingTest">
    <ignored/>
  </testcase> <!-- BCOMbookingWithAutoBookFeature -->
  <testcase name="HHEbookingWithPortraitCard" time="0.0" classname="com.hotelhub.powermode.tests.HotelBookingTest">
    <ignored/>
  </testcase> <!-- HHEbookingWithPortraitCard -->
</testsuite> <!-- Default test -->
