<?xml version="1.0" encoding="UTF-8"?>
<!-- Generated by org.testng.reporters.JUnitXMLReporter -->
<testsuite hostname="BLRDSPRASAD" ignored="9" name="Default test" tests="1" failures="0" timestamp="16 Apr 2019 06:21:49 GMT" time="80.656" errors="0">
  <testcase name="BCOMbookingByAddingNewVISACard" time="70.646" classname="com.hotelhub.powermode.tests.HotelBookingTest"/>
  <testcase name="HHEbookingWithAutoBookFeature" time="0.0" classname="com.hotelhub.powermode.tests.HotelBookingTest">
    <ignored/>
  </testcase> <!-- HHEbookingWithAutoBookFeature -->
  <testcase name="loginTest" time="0.0" classname="com.hotelhub.powermode.tests.HotelBookingTest">
    <ignored/>
  </testcase> <!-- loginTest -->
  <testcase name="HHEbookingByAddingNewVISACard" time="0.0" classname="com.hotelhub.powermode.tests.HotelBookingTest">
    <ignored/>
  </testcase> <!-- HHEbookingByAddingNewVISACard -->
  <testcase name="BCOMbookingWithPortraitCard" time="0.0" classname="com.hotelhub.powermode.tests.HotelBookingTest">
    <ignored/>
  </testcase> <!-- BCOMbookingWithPortraitCard -->
  <testcase name="BCOMbookingByAddingNewAMEXCard" time="0.0" classname="com.hotelhub.powermode.tests.HotelBookingTest">
    <ignored/>
  </testcase> <!-- BCOMbookingByAddingNewAMEXCard -->
  <testcase name="OnRequestBookingFulfillNow" time="0.0" classname="com.hotelhub.powermode.tests.HotelBookingTest">
    <ignored/>
  </testcase> <!-- OnRequestBookingFulfillNow -->
  <testcase name="HHEbookingByAddingNewAMEXCard" time="0.0" classname="com.hotelhub.powermode.tests.HotelBookingTest">
    <ignored/>
  </testcase> <!-- HHEbookingByAddingNewAMEXCard -->
  <testcase name="BCOMbookingWithAutoBookFeature" time="0.0" classname="com.hotelhub.powermode.tests.HotelBookingTest">
    <ignored/>
  </testcase> <!-- BCOMbookingWithAutoBookFeature -->
  <testcase name="HHEbookingWithPortraitCard" time="0.0" classname="com.hotelhub.powermode.tests.HotelBookingTest">
    <ignored/>
  </testcase> <!-- HHEbookingWithPortraitCard -->
</testsuite> <!-- Default test -->
