<?xml version="1.0" encoding="UTF-8"?>
<!-- Generated by org.testng.reporters.JUnitXMLReporter -->
<testsuite hostname="BLRDSPRASAD" ignored="46" name="Power Mode Tests" tests="1" failures="0" timestamp="25 Apr 2019 08:28:28 GMT" time="89.328" errors="0">
  <testcase name="BCOMbookingByAddingNewAMEXCard" time="79.017" classname="com.hotelhub.powermode.tests.HotelBookingTest"/>
  <testcase name="verificationOfDestinationSearchGoogle" time="0.0" classname="com.hotelhub.powermode.tests.RegressionTest">
    <ignored/>
  </testcase> <!-- verificationOfDestinationSearchGoogle -->
  <testcase name="HHEbookingByAddingNewVISACard" time="0.0" classname="com.hotelhub.powermode.tests.HotelBookingTest">
    <ignored/>
  </testcase> <!-- HHEbookingByAddingNewVISACard -->
  <testcase name="verificationOfDestinationSearchAll" time="0.0" classname="com.hotelhub.powermode.tests.RegressionTest">
    <ignored/>
  </testcase> <!-- verificationOfDestinationSearchAll -->
  <testcase name="verificationOfBcomRatesDisplay" time="0.0" classname="com.hotelhub.powermode.tests.RegressionTest">
    <ignored/>
  </testcase> <!-- verificationOfBcomRatesDisplay -->
  <testcase name="verificationOfPreviousBookingFilter" time="0.0" classname="com.hotelhub.powermode.tests.RegressionTest">
    <ignored/>
  </testcase> <!-- verificationOfPreviousBookingFilter -->
  <testcase name="verificationOfCustomerSearchBox" time="0.0" classname="com.hotelhub.powermode.tests.RegressionTest">
    <ignored/>
  </testcase> <!-- verificationOfCustomerSearchBox -->
  <testcase name="verificationOfPNRGDSMismatchError" time="0.0" classname="com.hotelhub.powermode.tests.RegressionTest">
    <ignored/>
  </testcase> <!-- verificationOfPNRGDSMismatchError -->
  <testcase name="verificationOfSelectRateFunctionality" time="0.0" classname="com.hotelhub.powermode.tests.RegressionTest">
    <ignored/>
  </testcase> <!-- verificationOfSelectRateFunctionality -->
  <testcase name="verificationOfSabreRatesDisplay" time="0.0" classname="com.hotelhub.powermode.tests.RegressionTest">
    <ignored/>
  </testcase> <!-- verificationOfSabreRatesDisplay -->
  <testcase name="verificationOfDestinationSearchGoogleAndAirport" time="0.0" classname="com.hotelhub.powermode.tests.RegressionTest">
    <ignored/>
  </testcase> <!-- verificationOfDestinationSearchGoogleAndAirport -->
  <testcase name="verificationOfUseTravellerDetailsFromPNROnStep3OnrequestRatesAmadeusPNR" time="0.0" classname="com.hotelhub.powermode.tests.RegressionTest">
    <ignored/>
  </testcase> <!-- verificationOfUseTravellerDetailsFromPNROnStep3OnrequestRatesAmadeusPNR -->
  <testcase name="BCOMbookingWithVISACard" time="0.0" classname="com.hotelhub.powermode.tests.DevTest">
    <ignored/>
  </testcase> <!-- BCOMbookingWithVISACard -->
  <testcase name="verificationOfUseTravellerDetailsFromPNROnStep3OnlineRatesSabrePNR" time="0.0" classname="com.hotelhub.powermode.tests.RegressionTest">
    <ignored/>
  </testcase> <!-- verificationOfUseTravellerDetailsFromPNROnStep3OnlineRatesSabrePNR -->
  <testcase name="displayPreviouslySearchedPNRandCustomer" time="0.0" classname="com.hotelhub.powermode.tests.RegressionTest">
    <ignored/>
  </testcase> <!-- displayPreviouslySearchedPNRandCustomer -->
  <testcase name="verificationOfUseTravellerDetailsFromPNROnStep3OnrequestRatesWhenPNRisNotAssociatedWithPaymentCard" time="0.0" classname="com.hotelhub.powermode.tests.RegressionTest">
    <ignored/>
  </testcase> <!-- verificationOfUseTravellerDetailsFromPNROnStep3OnrequestRatesWhenPNRisNotAssociatedWithPaymentCard -->
  <testcase name="@AfterTest copyExtent" time="0.0" classname="base.Base">
    <ignored/>
  </testcase> <!-- @AfterTest copyExtent -->
  <testcase name="@AfterTest copyExtent" time="0.0" classname="base.Base">
    <ignored/>
  </testcase> <!-- @AfterTest copyExtent -->
  <testcase name="verificationOfPNRReadForGalileoGDS" time="0.0" classname="com.hotelhub.powermode.tests.RegressionTest">
    <ignored/>
  </testcase> <!-- verificationOfPNRReadForGalileoGDS -->
  <testcase name="verificationOfUseTravellerDetailsFromPNROnStep3OnrequestRatesWhenPNRisAssociatedWithPaymentCard" time="0.0" classname="com.hotelhub.powermode.tests.RegressionTest">
    <ignored/>
  </testcase> <!-- verificationOfUseTravellerDetailsFromPNROnStep3OnrequestRatesWhenPNRisAssociatedWithPaymentCard -->
  <testcase name="verificationOfUseTravellerDetailsFromPNROnStep3OnrequestRatesGalileoPNR" time="0.0" classname="com.hotelhub.powermode.tests.RegressionTest">
    <ignored/>
  </testcase> <!-- verificationOfUseTravellerDetailsFromPNROnStep3OnrequestRatesGalileoPNR -->
  <testcase name="verificationOfPNRReadForAmadeusGDS" time="0.0" classname="com.hotelhub.powermode.tests.RegressionTest">
    <ignored/>
  </testcase> <!-- verificationOfPNRReadForAmadeusGDS -->
  <testcase name="verificationOfDestinationSearchHotel" time="0.0" classname="com.hotelhub.powermode.tests.RegressionTest">
    <ignored/>
  </testcase> <!-- verificationOfDestinationSearchHotel -->
  <testcase name="verificationOfDestinationSearchAirport" time="0.0" classname="com.hotelhub.powermode.tests.RegressionTest">
    <ignored/>
  </testcase> <!-- verificationOfDestinationSearchAirport -->
  <testcase name="verificationOfHHEOnlineRatesDisplay" time="0.0" classname="com.hotelhub.powermode.tests.RegressionTest">
    <ignored/>
  </testcase> <!-- verificationOfHHEOnlineRatesDisplay -->
  <testcase name="HHEbookingWithAutoBookFeature" time="0.0" classname="com.hotelhub.powermode.tests.HotelBookingTest">
    <ignored/>
  </testcase> <!-- HHEbookingWithAutoBookFeature -->
  <testcase name="loginTest" time="0.0" classname="com.hotelhub.powermode.tests.HotelBookingTest">
    <ignored/>
  </testcase> <!-- loginTest -->
  <testcase name="verificationOfPNRReadForSABREGDS" time="0.0" classname="com.hotelhub.powermode.tests.RegressionTest">
    <ignored/>
  </testcase> <!-- verificationOfPNRReadForSABREGDS -->
  <testcase name="verificationOfPNRReadForApolloGDS" time="0.0" classname="com.hotelhub.powermode.tests.RegressionTest">
    <ignored/>
  </testcase> <!-- verificationOfPNRReadForApolloGDS -->
  <testcase name="verificationOfUseTravellerDetailsFromPNROnStep3OnlineRatesWhenPNRisNotAssociatedWithPaymentCard" time="0.0" classname="com.hotelhub.powermode.tests.RegressionTest">
    <ignored/>
  </testcase> <!-- verificationOfUseTravellerDetailsFromPNROnStep3OnlineRatesWhenPNRisNotAssociatedWithPaymentCard -->
  <testcase name="verifyUserIsAbleToSelectCheckInCheckOutDates" time="0.0" classname="com.hotelhub.powermode.tests.RegressionTest">
    <ignored/>
  </testcase> <!-- verifyUserIsAbleToSelectCheckInCheckOutDates -->
  <testcase name="verificationOfDestinationSearchGoogleAndHotel" time="0.0" classname="com.hotelhub.powermode.tests.RegressionTest">
    <ignored/>
  </testcase> <!-- verificationOfDestinationSearchGoogleAndHotel -->
  <testcase name="OnRequestBookingFulfillNow" time="0.0" classname="com.hotelhub.powermode.tests.HotelBookingTest">
    <ignored/>
  </testcase> <!-- OnRequestBookingFulfillNow -->
  <testcase name="verificationOfHHEOnrequestRatesDisplay" time="0.0" classname="com.hotelhub.powermode.tests.RegressionTest">
    <ignored/>
  </testcase> <!-- verificationOfHHEOnrequestRatesDisplay -->
  <testcase name="verificationOfUseTravellerDetailsFromPNROnStep3OnlineRatesWhenPNRisAssociatedWithPaymentCard" time="0.0" classname="com.hotelhub.powermode.tests.RegressionTest">
    <ignored/>
  </testcase> <!-- verificationOfUseTravellerDetailsFromPNROnStep3OnlineRatesWhenPNRisAssociatedWithPaymentCard -->
  <testcase name="verificationOfUseTravellerDetailsFromPNROnStep3OnlineRatesAmadeusPNR" time="0.0" classname="com.hotelhub.powermode.tests.RegressionTest">
    <ignored/>
  </testcase> <!-- verificationOfUseTravellerDetailsFromPNROnStep3OnlineRatesAmadeusPNR -->
  <testcase name="BCOMbookingWithAutoBookFeature" time="0.0" classname="com.hotelhub.powermode.tests.HotelBookingTest">
    <ignored/>
  </testcase> <!-- BCOMbookingWithAutoBookFeature -->
  <testcase name="verificationOfHotelInformation" time="0.0" classname="com.hotelhub.powermode.tests.RegressionTest">
    <ignored/>
  </testcase> <!-- verificationOfHotelInformation -->
  <testcase name="verificationOfAmadeusRatesDisplay" time="0.0" classname="com.hotelhub.powermode.tests.RegressionTest">
    <ignored/>
  </testcase> <!-- verificationOfAmadeusRatesDisplay -->
  <testcase name="BCOMbookingByAddingNewVISACard" time="0.0" classname="com.hotelhub.powermode.tests.HotelBookingTest">
    <ignored/>
  </testcase> <!-- BCOMbookingByAddingNewVISACard -->
  <testcase name="BCOMbookingWithPortraitCard" time="0.0" classname="com.hotelhub.powermode.tests.HotelBookingTest">
    <ignored/>
  </testcase> <!-- BCOMbookingWithPortraitCard -->
  <testcase name="verificationOfCheckInCheckOutDate" time="0.0" classname="com.hotelhub.powermode.tests.RegressionTest">
    <ignored/>
  </testcase> <!-- verificationOfCheckInCheckOutDate -->
  <testcase name="verificationOfUseTravellerDetailsFromPNROnStep3OnrequestRatesSabrePNR" time="0.0" classname="com.hotelhub.powermode.tests.RegressionTest">
    <ignored/>
  </testcase> <!-- verificationOfUseTravellerDetailsFromPNROnStep3OnrequestRatesSabrePNR -->
  <testcase name="verificationOfUseTravellerDetailsFromPNROnStep3OnlineRatesGalileoPNR" time="0.0" classname="com.hotelhub.powermode.tests.RegressionTest">
    <ignored/>
  </testcase> <!-- verificationOfUseTravellerDetailsFromPNROnStep3OnlineRatesGalileoPNR -->
  <testcase name="HHEbookingByAddingNewAMEXCard" time="0.0" classname="com.hotelhub.powermode.tests.HotelBookingTest">
    <ignored/>
  </testcase> <!-- HHEbookingByAddingNewAMEXCard -->
  <testcase name="HHEbookingWithPortraitCard" time="0.0" classname="com.hotelhub.powermode.tests.HotelBookingTest">
    <ignored/>
  </testcase> <!-- HHEbookingWithPortraitCard -->
  <testcase name="verificationOfDestinationSearchAirportAndHotel" time="0.0" classname="com.hotelhub.powermode.tests.RegressionTest">
    <ignored/>
  </testcase> <!-- verificationOfDestinationSearchAirportAndHotel -->
</testsuite> <!-- Power Mode Tests -->
