<?xml version="1.0" encoding="UTF-8"?>
<testng-results skipped="36" failed="0" total="36" passed="0">
  <reporter-output>
  </reporter-output>
  <suite name="Command line suite" duration-ms="7893" started-at="2019-04-11T15:45:07Z" finished-at="2019-04-11T15:45:15Z">
    <groups>
      <group name="DevTest">
        <method signature="DevTest.BCOMbookingWithVISACard()[pri:1, instance:com.hotelhub.powermode.tests.DevTest@5056dfcb]" name="BCOMbookingWithVISACard" class="com.hotelhub.powermode.tests.DevTest"/>
      </group> <!-- DevTest -->
      <group name="Bcom">
        <method signature="HotelBookingTest.BCOMbookingByAddingNewAMEXCard()[pri:1, instance:com.hotelhub.powermode.tests.HotelBookingTest@32e6e9c3]" name="BCOMbookingByAddingNewAMEXCard" class="com.hotelhub.powermode.tests.HotelBookingTest"/>
        <method signature="HotelBookingTest.BCOMbookingByAddingNewVISACard()[pri:2, instance:com.hotelhub.powermode.tests.HotelBookingTest@32e6e9c3]" name="BCOMbookingByAddingNewVISACard" class="com.hotelhub.powermode.tests.HotelBookingTest"/>
        <method signature="HotelBookingTest.BCOMbookingWithAutoBookFeature()[pri:1, instance:com.hotelhub.powermode.tests.HotelBookingTest@32e6e9c3]" name="BCOMbookingWithAutoBookFeature" class="com.hotelhub.powermode.tests.HotelBookingTest"/>
      </group> <!-- Bcom -->
      <group name="">
        <method signature="HotelBookingTest.HHEbookingByAddingNewVISACard()[pri:4, instance:com.hotelhub.powermode.tests.HotelBookingTest@32e6e9c3]" name="HHEbookingByAddingNewVISACard" class="com.hotelhub.powermode.tests.HotelBookingTest"/>
        <method signature="HotelBookingTest.HHEbookingWithAutoBookFeature()[pri:3, instance:com.hotelhub.powermode.tests.HotelBookingTest@32e6e9c3]" name="HHEbookingWithAutoBookFeature" class="com.hotelhub.powermode.tests.HotelBookingTest"/>
        <method signature="RegressionTest.verificationOfCheckInCheckOutDate()[pri:4, instance:com.hotelhub.powermode.tests.RegressionTest@6574b225]" name="verificationOfCheckInCheckOutDate" class="com.hotelhub.powermode.tests.RegressionTest"/>
        <method signature="RegressionTest.verificationOfDestinationSearchAirportAndHotel()[pri:1, instance:com.hotelhub.powermode.tests.RegressionTest@6574b225]" name="verificationOfDestinationSearchAirportAndHotel" class="com.hotelhub.powermode.tests.RegressionTest"/>
        <method signature="RegressionTest.verificationOfDestinationSearchGoogleAndAirport()[pri:1, instance:com.hotelhub.powermode.tests.RegressionTest@6574b225]" name="verificationOfDestinationSearchGoogleAndAirport" class="com.hotelhub.powermode.tests.RegressionTest"/>
        <method signature="RegressionTest.verificationOfDestinationSearchGoogleAndHotel()[pri:1, instance:com.hotelhub.powermode.tests.RegressionTest@6574b225]" name="verificationOfDestinationSearchGoogleAndHotel" class="com.hotelhub.powermode.tests.RegressionTest"/>
        <method signature="RegressionTest.verificationOfHotelInformation()[pri:9, instance:com.hotelhub.powermode.tests.RegressionTest@6574b225]" name="verificationOfHotelInformation" class="com.hotelhub.powermode.tests.RegressionTest"/>
        <method signature="RegressionTest.verificationOfPreviousBookingFilter()[pri:4, instance:com.hotelhub.powermode.tests.RegressionTest@6574b225]" name="verificationOfPreviousBookingFilter" class="com.hotelhub.powermode.tests.RegressionTest"/>
      </group> <!--  -->
      <group name="NormalBook">
        <method signature="HotelBookingTest.AMADEUSbookingByAddingNewVISACard()[pri:0, instance:com.hotelhub.powermode.tests.HotelBookingTest@32e6e9c3]" name="AMADEUSbookingByAddingNewVISACard" class="com.hotelhub.powermode.tests.HotelBookingTest"/>
      </group> <!-- NormalBook -->
      <group name="Rates">
        <method signature="RegressionTest.verificationOfAmadeusRatesDisplay()[pri:1, instance:com.hotelhub.powermode.tests.RegressionTest@6574b225]" name="verificationOfAmadeusRatesDisplay" class="com.hotelhub.powermode.tests.RegressionTest"/>
        <method signature="RegressionTest.verificationOfBcomRatesDisplay()[pri:3, instance:com.hotelhub.powermode.tests.RegressionTest@6574b225]" name="verificationOfBcomRatesDisplay" class="com.hotelhub.powermode.tests.RegressionTest"/>
        <method signature="RegressionTest.verificationOfHHEOnlineRatesDisplay()[pri:4, instance:com.hotelhub.powermode.tests.RegressionTest@6574b225]" name="verificationOfHHEOnlineRatesDisplay" class="com.hotelhub.powermode.tests.RegressionTest"/>
        <method signature="RegressionTest.verificationOfHHEOnrequestRatesDisplay()[pri:5, instance:com.hotelhub.powermode.tests.RegressionTest@6574b225]" name="verificationOfHHEOnrequestRatesDisplay" class="com.hotelhub.powermode.tests.RegressionTest"/>
        <method signature="RegressionTest.verificationOfSabreRatesDisplay()[pri:2, instance:com.hotelhub.powermode.tests.RegressionTest@6574b225]" name="verificationOfSabreRatesDisplay" class="com.hotelhub.powermode.tests.RegressionTest"/>
      </group> <!-- Rates -->
      <group name="RegressionDailyRun2">
        <method signature="RegressionTest.verificationOfAmadeusRatesDisplay()[pri:1, instance:com.hotelhub.powermode.tests.RegressionTest@6574b225]" name="verificationOfAmadeusRatesDisplay" class="com.hotelhub.powermode.tests.RegressionTest"/>
      </group> <!-- RegressionDailyRun2 -->
      <group name="RegressionDailyRun1">
        <method signature="RegressionTest.displayPreviouslySearchedPNRandCustomer()[pri:0, instance:com.hotelhub.powermode.tests.RegressionTest@6574b225]" name="displayPreviouslySearchedPNRandCustomer" class="com.hotelhub.powermode.tests.RegressionTest"/>
      </group> <!-- RegressionDailyRun1 -->
      <group name="addnewcard">
        <method signature="HotelBookingTest.BCOMbookingByAddingNewAMEXCard()[pri:1, instance:com.hotelhub.powermode.tests.HotelBookingTest@32e6e9c3]" name="BCOMbookingByAddingNewAMEXCard" class="com.hotelhub.powermode.tests.HotelBookingTest"/>
        <method signature="HotelBookingTest.BCOMbookingByAddingNewVISACard()[pri:2, instance:com.hotelhub.powermode.tests.HotelBookingTest@32e6e9c3]" name="BCOMbookingByAddingNewVISACard" class="com.hotelhub.powermode.tests.HotelBookingTest"/>
        <method signature="HotelBookingTest.HHEbookingByAddingNewAMEXCard()[pri:3, instance:com.hotelhub.powermode.tests.HotelBookingTest@32e6e9c3]" name="HHEbookingByAddingNewAMEXCard" class="com.hotelhub.powermode.tests.HotelBookingTest"/>
        <method signature="HotelBookingTest.HHEbookingByAddingNewVISACard()[pri:4, instance:com.hotelhub.powermode.tests.HotelBookingTest@32e6e9c3]" name="HHEbookingByAddingNewVISACard" class="com.hotelhub.powermode.tests.HotelBookingTest"/>
      </group> <!-- addnewcard -->
      <group name="DestinationSearch">
        <method signature="RegressionTest.verificationOfDestinationSearchAirport()[pri:4, instance:com.hotelhub.powermode.tests.RegressionTest@6574b225]" name="verificationOfDestinationSearchAirport" class="com.hotelhub.powermode.tests.RegressionTest"/>
        <method signature="RegressionTest.verificationOfDestinationSearchAll()[pri:1, instance:com.hotelhub.powermode.tests.RegressionTest@6574b225]" name="verificationOfDestinationSearchAll" class="com.hotelhub.powermode.tests.RegressionTest"/>
        <method signature="RegressionTest.verificationOfDestinationSearchGoogle()[pri:2, instance:com.hotelhub.powermode.tests.RegressionTest@6574b225]" name="verificationOfDestinationSearchGoogle" class="com.hotelhub.powermode.tests.RegressionTest"/>
        <method signature="RegressionTest.verificationOfDestinationSearchHotel()[pri:3, instance:com.hotelhub.powermode.tests.RegressionTest@6574b225]" name="verificationOfDestinationSearchHotel" class="com.hotelhub.powermode.tests.RegressionTest"/>
      </group> <!-- DestinationSearch -->
      <group name="AutoBook">
        <method signature="HotelBookingTest.AMADEUSbookingWithAutoBookFeature()[pri:0, instance:com.hotelhub.powermode.tests.HotelBookingTest@32e6e9c3]" name="AMADEUSbookingWithAutoBookFeature" class="com.hotelhub.powermode.tests.HotelBookingTest"/>
      </group> <!-- AutoBook -->
      <group name="login">
        <method signature="HotelBookingTest.loginTest()[pri:0, instance:com.hotelhub.powermode.tests.HotelBookingTest@32e6e9c3]" name="loginTest" class="com.hotelhub.powermode.tests.HotelBookingTest"/>
      </group> <!-- login -->
      <group name="RegressionDailyRun">
        <method signature="RegressionTest.verificationOfBcomRatesDisplay()[pri:3, instance:com.hotelhub.powermode.tests.RegressionTest@6574b225]" name="verificationOfBcomRatesDisplay" class="com.hotelhub.powermode.tests.RegressionTest"/>
        <method signature="RegressionTest.verificationOfDestinationSearchAirport()[pri:4, instance:com.hotelhub.powermode.tests.RegressionTest@6574b225]" name="verificationOfDestinationSearchAirport" class="com.hotelhub.powermode.tests.RegressionTest"/>
        <method signature="RegressionTest.verificationOfDestinationSearchAll()[pri:1, instance:com.hotelhub.powermode.tests.RegressionTest@6574b225]" name="verificationOfDestinationSearchAll" class="com.hotelhub.powermode.tests.RegressionTest"/>
        <method signature="RegressionTest.verificationOfDestinationSearchGoogle()[pri:2, instance:com.hotelhub.powermode.tests.RegressionTest@6574b225]" name="verificationOfDestinationSearchGoogle" class="com.hotelhub.powermode.tests.RegressionTest"/>
        <method signature="RegressionTest.verificationOfDestinationSearchHotel()[pri:3, instance:com.hotelhub.powermode.tests.RegressionTest@6574b225]" name="verificationOfDestinationSearchHotel" class="com.hotelhub.powermode.tests.RegressionTest"/>
        <method signature="RegressionTest.verificationOfHHEOnlineRatesDisplay()[pri:4, instance:com.hotelhub.powermode.tests.RegressionTest@6574b225]" name="verificationOfHHEOnlineRatesDisplay" class="com.hotelhub.powermode.tests.RegressionTest"/>
        <method signature="RegressionTest.verificationOfHHEOnrequestRatesDisplay()[pri:5, instance:com.hotelhub.powermode.tests.RegressionTest@6574b225]" name="verificationOfHHEOnrequestRatesDisplay" class="com.hotelhub.powermode.tests.RegressionTest"/>
        <method signature="RegressionTest.verificationOfPNRGDSMismatchError()[pri:4, instance:com.hotelhub.powermode.tests.RegressionTest@6574b225]" name="verificationOfPNRGDSMismatchError" class="com.hotelhub.powermode.tests.RegressionTest"/>
        <method signature="RegressionTest.verificationOfSabreRatesDisplay()[pri:2, instance:com.hotelhub.powermode.tests.RegressionTest@6574b225]" name="verificationOfSabreRatesDisplay" class="com.hotelhub.powermode.tests.RegressionTest"/>
        <method signature="RegressionTest.verificationOfSelectRateFunctionality()[pri:0, instance:com.hotelhub.powermode.tests.RegressionTest@6574b225]" name="verificationOfSelectRateFunctionality" class="com.hotelhub.powermode.tests.RegressionTest"/>
        <method signature="RegressionTest.verifyUserIsAbleToSelectCheckInCheckOutDates()[pri:4, instance:com.hotelhub.powermode.tests.RegressionTest@6574b225]" name="verifyUserIsAbleToSelectCheckInCheckOutDates" class="com.hotelhub.powermode.tests.RegressionTest"/>
      </group> <!-- RegressionDailyRun -->
      <group name="DailyBooking1">
        <method signature="HotelBookingTest.HHEbookingByAddingNewAMEXCard()[pri:3, instance:com.hotelhub.powermode.tests.HotelBookingTest@32e6e9c3]" name="HHEbookingByAddingNewAMEXCard" class="com.hotelhub.powermode.tests.HotelBookingTest"/>
      </group> <!-- DailyBooking1 -->
      <group name="DailyBooking">
        <method signature="HotelBookingTest.AMADEUSbookingByAddingNewVISACard()[pri:0, instance:com.hotelhub.powermode.tests.HotelBookingTest@32e6e9c3]" name="AMADEUSbookingByAddingNewVISACard" class="com.hotelhub.powermode.tests.HotelBookingTest"/>
        <method signature="HotelBookingTest.AMADEUSbookingWithAutoBookFeature()[pri:0, instance:com.hotelhub.powermode.tests.HotelBookingTest@32e6e9c3]" name="AMADEUSbookingWithAutoBookFeature" class="com.hotelhub.powermode.tests.HotelBookingTest"/>
        <method signature="HotelBookingTest.AMADEUSbookingWithVISACard()[pri:0, instance:com.hotelhub.powermode.tests.HotelBookingTest@32e6e9c3]" name="AMADEUSbookingWithVISACard" class="com.hotelhub.powermode.tests.HotelBookingTest"/>
        <method signature="HotelBookingTest.BCOMbookingByAddingNewAMEXCard()[pri:1, instance:com.hotelhub.powermode.tests.HotelBookingTest@32e6e9c3]" name="BCOMbookingByAddingNewAMEXCard" class="com.hotelhub.powermode.tests.HotelBookingTest"/>
        <method signature="HotelBookingTest.BCOMbookingByAddingNewVISACard()[pri:2, instance:com.hotelhub.powermode.tests.HotelBookingTest@32e6e9c3]" name="BCOMbookingByAddingNewVISACard" class="com.hotelhub.powermode.tests.HotelBookingTest"/>
        <method signature="HotelBookingTest.BCOMbookingWithAutoBookFeature()[pri:1, instance:com.hotelhub.powermode.tests.HotelBookingTest@32e6e9c3]" name="BCOMbookingWithAutoBookFeature" class="com.hotelhub.powermode.tests.HotelBookingTest"/>
        <method signature="HotelBookingTest.BCOMbookingWithPortraitCard()[pri:2, instance:com.hotelhub.powermode.tests.HotelBookingTest@32e6e9c3]" name="BCOMbookingWithPortraitCard" class="com.hotelhub.powermode.tests.HotelBookingTest"/>
        <method signature="HotelBookingTest.HHEbookingByAddingNewVISACard()[pri:4, instance:com.hotelhub.powermode.tests.HotelBookingTest@32e6e9c3]" name="HHEbookingByAddingNewVISACard" class="com.hotelhub.powermode.tests.HotelBookingTest"/>
        <method signature="HotelBookingTest.HHEbookingWithAutoBookFeature()[pri:3, instance:com.hotelhub.powermode.tests.HotelBookingTest@32e6e9c3]" name="HHEbookingWithAutoBookFeature" class="com.hotelhub.powermode.tests.HotelBookingTest"/>
        <method signature="HotelBookingTest.HHEbookingWithPortraitCard()[pri:3, instance:com.hotelhub.powermode.tests.HotelBookingTest@32e6e9c3]" name="HHEbookingWithPortraitCard" class="com.hotelhub.powermode.tests.HotelBookingTest"/>
      </group> <!-- DailyBooking -->
    </groups>
    <test name="Command line test" duration-ms="7893" started-at="2019-04-11T15:45:07Z" finished-at="2019-04-11T15:45:15Z">
      <class name="com.hotelhub.powermode.tests.DevTest">
        <test-method status="SKIP" signature="instantiateBrowser(org.testng.ITestResult)[pri:0, instance:com.hotelhub.powermode.tests.DevTest@5056dfcb]" name="instantiateBrowser" is-config="true" duration-ms="0" started-at="2019-04-11T15:45:13Z" finished-at="2019-04-11T15:45:13Z">
        </test-method> <!-- instantiateBrowser -->
        <test-method status="SKIP" signature="loginToTheApplication()[pri:0, instance:com.hotelhub.powermode.tests.DevTest@5056dfcb]" name="loginToTheApplication" is-config="true" duration-ms="0" started-at="2019-04-11T15:45:13Z" finished-at="2019-04-11T15:45:13Z">
        </test-method> <!-- loginToTheApplication -->
        <test-method status="SKIP" signature="BCOMbookingWithVISACard()[pri:1, instance:com.hotelhub.powermode.tests.DevTest@5056dfcb]" name="BCOMbookingWithVISACard" duration-ms="0" started-at="2019-04-11T15:45:13Z" finished-at="2019-04-11T15:45:13Z">
        </test-method> <!-- BCOMbookingWithVISACard -->
        <test-method status="FAIL" signature="cleanupBrowser()[pri:0, instance:com.hotelhub.powermode.tests.DevTest@5056dfcb]" name="cleanupBrowser" is-config="true" duration-ms="0" started-at="2019-04-11T15:45:13Z" finished-at="2019-04-11T15:45:13Z">
          <exception class="java.lang.IllegalStateException">
            <message>
              <![CDATA[Driver should have not been null.]]>
            </message>
            <full-stacktrace>
              <![CDATA[java.lang.IllegalStateException: Driver should have not been null.
	at base.Base.driver(Base.java:190)
	at base.Base.cleanupBrowser(Base.java:171)
	at sun.reflect.GeneratedMethodAccessor26.invoke(Unknown Source)
	at sun.reflect.DelegatingMethodAccessorImpl.invoke(DelegatingMethodAccessorImpl.java:43)
	at java.lang.reflect.Method.invoke(Method.java:498)
	at org.testng.internal.MethodInvocationHelper.invokeMethod(MethodInvocationHelper.java:80)
	at org.testng.internal.Invoker.invokeConfigurationMethod(Invoker.java:551)
	at org.testng.internal.Invoker.invokeConfigurations(Invoker.java:213)
	at org.testng.internal.Invoker.invokeMethod(Invoker.java:783)
	at org.testng.internal.Invoker.invokeTestMethod(Invoker.java:894)
	at org.testng.internal.Invoker.invokeTestMethods(Invoker.java:1219)
	at org.testng.internal.TestMethodWorker.invokeTestMethods(TestMethodWorker.java:127)
	at org.testng.internal.TestMethodWorker.run(TestMethodWorker.java:111)
	at org.testng.TestRunner.privateRun(TestRunner.java:768)
	at org.testng.TestRunner.run(TestRunner.java:617)
	at org.testng.SuiteRunner.runTest(SuiteRunner.java:334)
	at org.testng.SuiteRunner.runSequentially(SuiteRunner.java:329)
	at org.testng.SuiteRunner.privateRun(SuiteRunner.java:291)
	at org.testng.SuiteRunner.run(SuiteRunner.java:240)
	at org.testng.SuiteRunnerWorker.runSuite(SuiteRunnerWorker.java:53)
	at org.testng.SuiteRunnerWorker.run(SuiteRunnerWorker.java:87)
	at org.testng.TestNG.runSuitesSequentially(TestNG.java:1188)
	at org.testng.TestNG.runSuitesLocally(TestNG.java:1113)
	at org.testng.TestNG.run(TestNG.java:1025)
	at org.apache.maven.surefire.testng.TestNGExecutor.run(TestNGExecutor.java:77)
	at org.apache.maven.surefire.testng.TestNGDirectoryTestSuite.executeMulti(TestNGDirectoryTestSuite.java:159)
	at org.apache.maven.surefire.testng.TestNGDirectoryTestSuite.execute(TestNGDirectoryTestSuite.java:99)
	at org.apache.maven.surefire.testng.TestNGProvider.invoke(TestNGProvider.java:106)
	at sun.reflect.NativeMethodAccessorImpl.invoke0(Native Method)
	at sun.reflect.NativeMethodAccessorImpl.invoke(NativeMethodAccessorImpl.java:62)
	at sun.reflect.DelegatingMethodAccessorImpl.invoke(DelegatingMethodAccessorImpl.java:43)
	at java.lang.reflect.Method.invoke(Method.java:498)
	at org.apache.maven.surefire.util.ReflectionUtils.invokeMethodWithArray(ReflectionUtils.java:189)
	at org.apache.maven.surefire.booter.ProviderFactory$ProviderProxy.invoke(ProviderFactory.java:165)
	at org.apache.maven.surefire.booter.ProviderFactory.invokeProvider(ProviderFactory.java:85)
	at org.apache.maven.surefire.booter.ForkedBooter.runSuitesInProcess(ForkedBooter.java:115)
	at org.apache.maven.surefire.booter.ForkedBooter.main(ForkedBooter.java:75)
]]>
            </full-stacktrace>
          </exception> <!-- java.lang.IllegalStateException -->
        </test-method> <!-- cleanupBrowser -->
        <test-method status="FAIL" signature="writeToExcel()[pri:0, instance:com.hotelhub.powermode.tests.DevTest@5056dfcb]" name="writeToExcel" is-config="true" duration-ms="0" started-at="2019-04-11T15:45:13Z" finished-at="2019-04-11T15:45:13Z">
          <exception class="java.lang.NullPointerException">
            <full-stacktrace>
              <![CDATA[java.lang.NullPointerException
	at base.Base.writeToExcel(Base.java:121)
	at sun.reflect.GeneratedMethodAccessor32.invoke(Unknown Source)
	at sun.reflect.DelegatingMethodAccessorImpl.invoke(DelegatingMethodAccessorImpl.java:43)
	at java.lang.reflect.Method.invoke(Method.java:498)
	at org.testng.internal.MethodInvocationHelper.invokeMethod(MethodInvocationHelper.java:80)
	at org.testng.internal.Invoker.invokeConfigurationMethod(Invoker.java:551)
	at org.testng.internal.Invoker.invokeConfigurations(Invoker.java:213)
	at org.testng.internal.Invoker.invokeMethod(Invoker.java:783)
	at org.testng.internal.Invoker.invokeTestMethod(Invoker.java:894)
	at org.testng.internal.Invoker.invokeTestMethods(Invoker.java:1219)
	at org.testng.internal.TestMethodWorker.invokeTestMethods(TestMethodWorker.java:127)
	at org.testng.internal.TestMethodWorker.run(TestMethodWorker.java:111)
	at org.testng.TestRunner.privateRun(TestRunner.java:768)
	at org.testng.TestRunner.run(TestRunner.java:617)
	at org.testng.SuiteRunner.runTest(SuiteRunner.java:334)
	at org.testng.SuiteRunner.runSequentially(SuiteRunner.java:329)
	at org.testng.SuiteRunner.privateRun(SuiteRunner.java:291)
	at org.testng.SuiteRunner.run(SuiteRunner.java:240)
	at org.testng.SuiteRunnerWorker.runSuite(SuiteRunnerWorker.java:53)
	at org.testng.SuiteRunnerWorker.run(SuiteRunnerWorker.java:87)
	at org.testng.TestNG.runSuitesSequentially(TestNG.java:1188)
	at org.testng.TestNG.runSuitesLocally(TestNG.java:1113)
	at org.testng.TestNG.run(TestNG.java:1025)
	at org.apache.maven.surefire.testng.TestNGExecutor.run(TestNGExecutor.java:77)
	at org.apache.maven.surefire.testng.TestNGDirectoryTestSuite.executeMulti(TestNGDirectoryTestSuite.java:159)
	at org.apache.maven.surefire.testng.TestNGDirectoryTestSuite.execute(TestNGDirectoryTestSuite.java:99)
	at org.apache.maven.surefire.testng.TestNGProvider.invoke(TestNGProvider.java:106)
	at sun.reflect.NativeMethodAccessorImpl.invoke0(Native Method)
	at sun.reflect.NativeMethodAccessorImpl.invoke(NativeMethodAccessorImpl.java:62)
	at sun.reflect.DelegatingMethodAccessorImpl.invoke(DelegatingMethodAccessorImpl.java:43)
	at java.lang.reflect.Method.invoke(Method.java:498)
	at org.apache.maven.surefire.util.ReflectionUtils.invokeMethodWithArray(ReflectionUtils.java:189)
	at org.apache.maven.surefire.booter.ProviderFactory$ProviderProxy.invoke(ProviderFactory.java:165)
	at org.apache.maven.surefire.booter.ProviderFactory.invokeProvider(ProviderFactory.java:85)
	at org.apache.maven.surefire.booter.ForkedBooter.runSuitesInProcess(ForkedBooter.java:115)
	at org.apache.maven.surefire.booter.ForkedBooter.main(ForkedBooter.java:75)
]]>
            </full-stacktrace>
          </exception> <!-- java.lang.NullPointerException -->
        </test-method> <!-- writeToExcel -->
      </class> <!-- com.hotelhub.powermode.tests.DevTest -->
      <class name="com.hotelhub.powermode.tests.RegressionTest">
        <test-method status="SKIP" signature="loginToTheApplication()[pri:0, instance:com.hotelhub.powermode.tests.RegressionTest@6574b225]" name="loginToTheApplication" is-config="true" duration-ms="0" started-at="2019-04-11T15:45:12Z" finished-at="2019-04-11T15:45:12Z">
        </test-method> <!-- loginToTheApplication -->
        <test-method status="SKIP" signature="displayPreviouslySearchedPNRandCustomer()[pri:0, instance:com.hotelhub.powermode.tests.RegressionTest@6574b225]" name="displayPreviouslySearchedPNRandCustomer" duration-ms="1" started-at="2019-04-11T15:45:12Z" finished-at="2019-04-11T15:45:12Z">
        </test-method> <!-- displayPreviouslySearchedPNRandCustomer -->
        <test-method status="SKIP" signature="instantiateBrowser(org.testng.ITestResult)[pri:0, instance:com.hotelhub.powermode.tests.RegressionTest@6574b225]" name="instantiateBrowser" is-config="true" duration-ms="0" started-at="2019-04-11T15:45:12Z" finished-at="2019-04-11T15:45:12Z">
        </test-method> <!-- instantiateBrowser -->
        <test-method status="FAIL" signature="cleanupBrowser()[pri:0, instance:com.hotelhub.powermode.tests.RegressionTest@6574b225]" name="cleanupBrowser" is-config="true" duration-ms="0" started-at="2019-04-11T15:45:12Z" finished-at="2019-04-11T15:45:12Z">
          <exception class="java.lang.IllegalStateException">
            <message>
              <![CDATA[Driver should have not been null.]]>
            </message>
            <full-stacktrace>
              <![CDATA[java.lang.IllegalStateException: Driver should have not been null.
	at base.Base.driver(Base.java:190)
	at base.Base.cleanupBrowser(Base.java:171)
	at sun.reflect.NativeMethodAccessorImpl.invoke0(Native Method)
	at sun.reflect.NativeMethodAccessorImpl.invoke(NativeMethodAccessorImpl.java:62)
	at sun.reflect.DelegatingMethodAccessorImpl.invoke(DelegatingMethodAccessorImpl.java:43)
	at java.lang.reflect.Method.invoke(Method.java:498)
	at org.testng.internal.MethodInvocationHelper.invokeMethod(MethodInvocationHelper.java:80)
	at org.testng.internal.Invoker.invokeConfigurationMethod(Invoker.java:551)
	at org.testng.internal.Invoker.invokeConfigurations(Invoker.java:213)
	at org.testng.internal.Invoker.invokeMethod(Invoker.java:783)
	at org.testng.internal.Invoker.invokeTestMethod(Invoker.java:894)
	at org.testng.internal.Invoker.invokeTestMethods(Invoker.java:1219)
	at org.testng.internal.TestMethodWorker.invokeTestMethods(TestMethodWorker.java:127)
	at org.testng.internal.TestMethodWorker.run(TestMethodWorker.java:111)
	at org.testng.TestRunner.privateRun(TestRunner.java:768)
	at org.testng.TestRunner.run(TestRunner.java:617)
	at org.testng.SuiteRunner.runTest(SuiteRunner.java:334)
	at org.testng.SuiteRunner.runSequentially(SuiteRunner.java:329)
	at org.testng.SuiteRunner.privateRun(SuiteRunner.java:291)
	at org.testng.SuiteRunner.run(SuiteRunner.java:240)
	at org.testng.SuiteRunnerWorker.runSuite(SuiteRunnerWorker.java:53)
	at org.testng.SuiteRunnerWorker.run(SuiteRunnerWorker.java:87)
	at org.testng.TestNG.runSuitesSequentially(TestNG.java:1188)
	at org.testng.TestNG.runSuitesLocally(TestNG.java:1113)
	at org.testng.TestNG.run(TestNG.java:1025)
	at org.apache.maven.surefire.testng.TestNGExecutor.run(TestNGExecutor.java:77)
	at org.apache.maven.surefire.testng.TestNGDirectoryTestSuite.executeMulti(TestNGDirectoryTestSuite.java:159)
	at org.apache.maven.surefire.testng.TestNGDirectoryTestSuite.execute(TestNGDirectoryTestSuite.java:99)
	at org.apache.maven.surefire.testng.TestNGProvider.invoke(TestNGProvider.java:106)
	at sun.reflect.NativeMethodAccessorImpl.invoke0(Native Method)
	at sun.reflect.NativeMethodAccessorImpl.invoke(NativeMethodAccessorImpl.java:62)
	at sun.reflect.DelegatingMethodAccessorImpl.invoke(DelegatingMethodAccessorImpl.java:43)
	at java.lang.reflect.Method.invoke(Method.java:498)
	at org.apache.maven.surefire.util.ReflectionUtils.invokeMethodWithArray(ReflectionUtils.java:189)
	at org.apache.maven.surefire.booter.ProviderFactory$ProviderProxy.invoke(ProviderFactory.java:165)
	at org.apache.maven.surefire.booter.ProviderFactory.invokeProvider(ProviderFactory.java:85)
	at org.apache.maven.surefire.booter.ForkedBooter.runSuitesInProcess(ForkedBooter.java:115)
	at org.apache.maven.surefire.booter.ForkedBooter.main(ForkedBooter.java:75)
]]>
            </full-stacktrace>
          </exception> <!-- java.lang.IllegalStateException -->
        </test-method> <!-- cleanupBrowser -->
        <test-method status="FAIL" signature="writeToExcel()[pri:0, instance:com.hotelhub.powermode.tests.RegressionTest@6574b225]" name="writeToExcel" is-config="true" duration-ms="0" started-at="2019-04-11T15:45:12Z" finished-at="2019-04-11T15:45:12Z">
          <exception class="java.lang.NullPointerException">
            <full-stacktrace>
              <![CDATA[java.lang.NullPointerException
	at base.Base.writeToExcel(Base.java:121)
	at sun.reflect.NativeMethodAccessorImpl.invoke0(Native Method)
	at sun.reflect.NativeMethodAccessorImpl.invoke(NativeMethodAccessorImpl.java:62)
	at sun.reflect.DelegatingMethodAccessorImpl.invoke(DelegatingMethodAccessorImpl.java:43)
	at java.lang.reflect.Method.invoke(Method.java:498)
	at org.testng.internal.MethodInvocationHelper.invokeMethod(MethodInvocationHelper.java:80)
	at org.testng.internal.Invoker.invokeConfigurationMethod(Invoker.java:551)
	at org.testng.internal.Invoker.invokeConfigurations(Invoker.java:213)
	at org.testng.internal.Invoker.invokeMethod(Invoker.java:783)
	at org.testng.internal.Invoker.invokeTestMethod(Invoker.java:894)
	at org.testng.internal.Invoker.invokeTestMethods(Invoker.java:1219)
	at org.testng.internal.TestMethodWorker.invokeTestMethods(TestMethodWorker.java:127)
	at org.testng.internal.TestMethodWorker.run(TestMethodWorker.java:111)
	at org.testng.TestRunner.privateRun(TestRunner.java:768)
	at org.testng.TestRunner.run(TestRunner.java:617)
	at org.testng.SuiteRunner.runTest(SuiteRunner.java:334)
	at org.testng.SuiteRunner.runSequentially(SuiteRunner.java:329)
	at org.testng.SuiteRunner.privateRun(SuiteRunner.java:291)
	at org.testng.SuiteRunner.run(SuiteRunner.java:240)
	at org.testng.SuiteRunnerWorker.runSuite(SuiteRunnerWorker.java:53)
	at org.testng.SuiteRunnerWorker.run(SuiteRunnerWorker.java:87)
	at org.testng.TestNG.runSuitesSequentially(TestNG.java:1188)
	at org.testng.TestNG.runSuitesLocally(TestNG.java:1113)
	at org.testng.TestNG.run(TestNG.java:1025)
	at org.apache.maven.surefire.testng.TestNGExecutor.run(TestNGExecutor.java:77)
	at org.apache.maven.surefire.testng.TestNGDirectoryTestSuite.executeMulti(TestNGDirectoryTestSuite.java:159)
	at org.apache.maven.surefire.testng.TestNGDirectoryTestSuite.execute(TestNGDirectoryTestSuite.java:99)
	at org.apache.maven.surefire.testng.TestNGProvider.invoke(TestNGProvider.java:106)
	at sun.reflect.NativeMethodAccessorImpl.invoke0(Native Method)
	at sun.reflect.NativeMethodAccessorImpl.invoke(NativeMethodAccessorImpl.java:62)
	at sun.reflect.DelegatingMethodAccessorImpl.invoke(DelegatingMethodAccessorImpl.java:43)
	at java.lang.reflect.Method.invoke(Method.java:498)
	at org.apache.maven.surefire.util.ReflectionUtils.invokeMethodWithArray(ReflectionUtils.java:189)
	at org.apache.maven.surefire.booter.ProviderFactory$ProviderProxy.invoke(ProviderFactory.java:165)
	at org.apache.maven.surefire.booter.ProviderFactory.invokeProvider(ProviderFactory.java:85)
	at org.apache.maven.surefire.booter.ForkedBooter.runSuitesInProcess(ForkedBooter.java:115)
	at org.apache.maven.surefire.booter.ForkedBooter.main(ForkedBooter.java:75)
]]>
            </full-stacktrace>
          </exception> <!-- java.lang.NullPointerException -->
        </test-method> <!-- writeToExcel -->
        <test-method status="SKIP" signature="instantiateBrowser(org.testng.ITestResult)[pri:0, instance:com.hotelhub.powermode.tests.RegressionTest@6574b225]" name="instantiateBrowser" is-config="true" duration-ms="0" started-at="2019-04-11T15:45:12Z" finished-at="2019-04-11T15:45:12Z">
        </test-method> <!-- instantiateBrowser -->
        <test-method status="SKIP" signature="verificationOfCustomerSearchBox(java.lang.String, java.lang.String)[pri:0, instance:com.hotelhub.powermode.tests.RegressionTest@6574b225]" name="verificationOfCustomerSearchBox" duration-ms="0" started-at="2019-04-11T15:45:12Z" data-provider="data" finished-at="2019-04-11T15:45:12Z">
          <params>
            <param index="0">
              <value>
                <![CDATA[Verify the Apollo PNR read in Express mode .1]]>
              </value>
            </param>
            <param index="1">
              <value>
                <![CDATA[ANEAFN1]]>
              </value>
            </param>
          </params>
        </test-method> <!-- verificationOfCustomerSearchBox -->
        <test-method status="FAIL" signature="cleanupBrowser()[pri:0, instance:com.hotelhub.powermode.tests.RegressionTest@6574b225]" name="cleanupBrowser" is-config="true" duration-ms="0" started-at="2019-04-11T15:45:12Z" finished-at="2019-04-11T15:45:12Z">
          <exception class="java.lang.IllegalStateException">
            <message>
              <![CDATA[Driver should have not been null.]]>
            </message>
            <full-stacktrace>
              <![CDATA[java.lang.IllegalStateException: Driver should have not been null.
	at base.Base.driver(Base.java:190)
	at base.Base.cleanupBrowser(Base.java:171)
	at sun.reflect.NativeMethodAccessorImpl.invoke0(Native Method)
	at sun.reflect.NativeMethodAccessorImpl.invoke(NativeMethodAccessorImpl.java:62)
	at sun.reflect.DelegatingMethodAccessorImpl.invoke(DelegatingMethodAccessorImpl.java:43)
	at java.lang.reflect.Method.invoke(Method.java:498)
	at org.testng.internal.MethodInvocationHelper.invokeMethod(MethodInvocationHelper.java:80)
	at org.testng.internal.Invoker.invokeConfigurationMethod(Invoker.java:551)
	at org.testng.internal.Invoker.invokeConfigurations(Invoker.java:213)
	at org.testng.internal.Invoker.invokeMethod(Invoker.java:783)
	at org.testng.internal.Invoker.invokeTestMethod(Invoker.java:894)
	at org.testng.internal.Invoker.invokeTestMethods(Invoker.java:1219)
	at org.testng.internal.TestMethodWorker.invokeTestMethods(TestMethodWorker.java:127)
	at org.testng.internal.TestMethodWorker.run(TestMethodWorker.java:111)
	at org.testng.TestRunner.privateRun(TestRunner.java:768)
	at org.testng.TestRunner.run(TestRunner.java:617)
	at org.testng.SuiteRunner.runTest(SuiteRunner.java:334)
	at org.testng.SuiteRunner.runSequentially(SuiteRunner.java:329)
	at org.testng.SuiteRunner.privateRun(SuiteRunner.java:291)
	at org.testng.SuiteRunner.run(SuiteRunner.java:240)
	at org.testng.SuiteRunnerWorker.runSuite(SuiteRunnerWorker.java:53)
	at org.testng.SuiteRunnerWorker.run(SuiteRunnerWorker.java:87)
	at org.testng.TestNG.runSuitesSequentially(TestNG.java:1188)
	at org.testng.TestNG.runSuitesLocally(TestNG.java:1113)
	at org.testng.TestNG.run(TestNG.java:1025)
	at org.apache.maven.surefire.testng.TestNGExecutor.run(TestNGExecutor.java:77)
	at org.apache.maven.surefire.testng.TestNGDirectoryTestSuite.executeMulti(TestNGDirectoryTestSuite.java:159)
	at org.apache.maven.surefire.testng.TestNGDirectoryTestSuite.execute(TestNGDirectoryTestSuite.java:99)
	at org.apache.maven.surefire.testng.TestNGProvider.invoke(TestNGProvider.java:106)
	at sun.reflect.NativeMethodAccessorImpl.invoke0(Native Method)
	at sun.reflect.NativeMethodAccessorImpl.invoke(NativeMethodAccessorImpl.java:62)
	at sun.reflect.DelegatingMethodAccessorImpl.invoke(DelegatingMethodAccessorImpl.java:43)
	at java.lang.reflect.Method.invoke(Method.java:498)
	at org.apache.maven.surefire.util.ReflectionUtils.invokeMethodWithArray(ReflectionUtils.java:189)
	at org.apache.maven.surefire.booter.ProviderFactory$ProviderProxy.invoke(ProviderFactory.java:165)
	at org.apache.maven.surefire.booter.ProviderFactory.invokeProvider(ProviderFactory.java:85)
	at org.apache.maven.surefire.booter.ForkedBooter.runSuitesInProcess(ForkedBooter.java:115)
	at org.apache.maven.surefire.booter.ForkedBooter.main(ForkedBooter.java:75)
]]>
            </full-stacktrace>
          </exception> <!-- java.lang.IllegalStateException -->
        </test-method> <!-- cleanupBrowser -->
        <test-method status="SKIP" signature="loginToTheApplication()[pri:0, instance:com.hotelhub.powermode.tests.RegressionTest@6574b225]" name="loginToTheApplication" is-config="true" duration-ms="0" started-at="2019-04-11T15:45:12Z" finished-at="2019-04-11T15:45:12Z">
        </test-method> <!-- loginToTheApplication -->
        <test-method status="FAIL" signature="writeToExcel()[pri:0, instance:com.hotelhub.powermode.tests.RegressionTest@6574b225]" name="writeToExcel" is-config="true" duration-ms="0" started-at="2019-04-11T15:45:12Z" finished-at="2019-04-11T15:45:12Z">
          <exception class="java.lang.NullPointerException">
            <full-stacktrace>
              <![CDATA[java.lang.NullPointerException
	at base.Base.writeToExcel(Base.java:121)
	at sun.reflect.NativeMethodAccessorImpl.invoke0(Native Method)
	at sun.reflect.NativeMethodAccessorImpl.invoke(NativeMethodAccessorImpl.java:62)
	at sun.reflect.DelegatingMethodAccessorImpl.invoke(DelegatingMethodAccessorImpl.java:43)
	at java.lang.reflect.Method.invoke(Method.java:498)
	at org.testng.internal.MethodInvocationHelper.invokeMethod(MethodInvocationHelper.java:80)
	at org.testng.internal.Invoker.invokeConfigurationMethod(Invoker.java:551)
	at org.testng.internal.Invoker.invokeConfigurations(Invoker.java:213)
	at org.testng.internal.Invoker.invokeMethod(Invoker.java:783)
	at org.testng.internal.Invoker.invokeTestMethod(Invoker.java:894)
	at org.testng.internal.Invoker.invokeTestMethods(Invoker.java:1219)
	at org.testng.internal.TestMethodWorker.invokeTestMethods(TestMethodWorker.java:127)
	at org.testng.internal.TestMethodWorker.run(TestMethodWorker.java:111)
	at org.testng.TestRunner.privateRun(TestRunner.java:768)
	at org.testng.TestRunner.run(TestRunner.java:617)
	at org.testng.SuiteRunner.runTest(SuiteRunner.java:334)
	at org.testng.SuiteRunner.runSequentially(SuiteRunner.java:329)
	at org.testng.SuiteRunner.privateRun(SuiteRunner.java:291)
	at org.testng.SuiteRunner.run(SuiteRunner.java:240)
	at org.testng.SuiteRunnerWorker.runSuite(SuiteRunnerWorker.java:53)
	at org.testng.SuiteRunnerWorker.run(SuiteRunnerWorker.java:87)
	at org.testng.TestNG.runSuitesSequentially(TestNG.java:1188)
	at org.testng.TestNG.runSuitesLocally(TestNG.java:1113)
	at org.testng.TestNG.run(TestNG.java:1025)
	at org.apache.maven.surefire.testng.TestNGExecutor.run(TestNGExecutor.java:77)
	at org.apache.maven.surefire.testng.TestNGDirectoryTestSuite.executeMulti(TestNGDirectoryTestSuite.java:159)
	at org.apache.maven.surefire.testng.TestNGDirectoryTestSuite.execute(TestNGDirectoryTestSuite.java:99)
	at org.apache.maven.surefire.testng.TestNGProvider.invoke(TestNGProvider.java:106)
	at sun.reflect.NativeMethodAccessorImpl.invoke0(Native Method)
	at sun.reflect.NativeMethodAccessorImpl.invoke(NativeMethodAccessorImpl.java:62)
	at sun.reflect.DelegatingMethodAccessorImpl.invoke(DelegatingMethodAccessorImpl.java:43)
	at java.lang.reflect.Method.invoke(Method.java:498)
	at org.apache.maven.surefire.util.ReflectionUtils.invokeMethodWithArray(ReflectionUtils.java:189)
	at org.apache.maven.surefire.booter.ProviderFactory$ProviderProxy.invoke(ProviderFactory.java:165)
	at org.apache.maven.surefire.booter.ProviderFactory.invokeProvider(ProviderFactory.java:85)
	at org.apache.maven.surefire.booter.ForkedBooter.runSuitesInProcess(ForkedBooter.java:115)
	at org.apache.maven.surefire.booter.ForkedBooter.main(ForkedBooter.java:75)
]]>
            </full-stacktrace>
          </exception> <!-- java.lang.NullPointerException -->
        </test-method> <!-- writeToExcel -->
        <test-method status="SKIP" signature="instantiateBrowser(org.testng.ITestResult)[pri:0, instance:com.hotelhub.powermode.tests.RegressionTest@6574b225]" name="instantiateBrowser" is-config="true" duration-ms="0" started-at="2019-04-11T15:45:12Z" finished-at="2019-04-11T15:45:12Z">
        </test-method> <!-- instantiateBrowser -->
        <test-method status="SKIP" signature="verificationOfCustomerSearchBox(java.lang.String, java.lang.String)[pri:0, instance:com.hotelhub.powermode.tests.RegressionTest@6574b225]" name="verificationOfCustomerSearchBox" duration-ms="1" started-at="2019-04-11T15:45:12Z" data-provider="data" finished-at="2019-04-11T15:45:12Z">
          <params>
            <param index="0">
              <value>
                <![CDATA[Verify the Apollo PNR read in Express mode .2]]>
              </value>
            </param>
            <param index="1">
              <value>
                <![CDATA[ANEAFN2]]>
              </value>
            </param>
          </params>
        </test-method> <!-- verificationOfCustomerSearchBox -->
        <test-method status="SKIP" signature="loginToTheApplication()[pri:0, instance:com.hotelhub.powermode.tests.RegressionTest@6574b225]" name="loginToTheApplication" is-config="true" duration-ms="0" started-at="2019-04-11T15:45:12Z" finished-at="2019-04-11T15:45:12Z">
        </test-method> <!-- loginToTheApplication -->
        <test-method status="FAIL" signature="cleanupBrowser()[pri:0, instance:com.hotelhub.powermode.tests.RegressionTest@6574b225]" name="cleanupBrowser" is-config="true" duration-ms="0" started-at="2019-04-11T15:45:12Z" finished-at="2019-04-11T15:45:12Z">
          <exception class="java.lang.IllegalStateException">
            <message>
              <![CDATA[Driver should have not been null.]]>
            </message>
            <full-stacktrace>
              <![CDATA[java.lang.IllegalStateException: Driver should have not been null.
	at base.Base.driver(Base.java:190)
	at base.Base.cleanupBrowser(Base.java:171)
	at sun.reflect.NativeMethodAccessorImpl.invoke0(Native Method)
	at sun.reflect.NativeMethodAccessorImpl.invoke(NativeMethodAccessorImpl.java:62)
	at sun.reflect.DelegatingMethodAccessorImpl.invoke(DelegatingMethodAccessorImpl.java:43)
	at java.lang.reflect.Method.invoke(Method.java:498)
	at org.testng.internal.MethodInvocationHelper.invokeMethod(MethodInvocationHelper.java:80)
	at org.testng.internal.Invoker.invokeConfigurationMethod(Invoker.java:551)
	at org.testng.internal.Invoker.invokeConfigurations(Invoker.java:213)
	at org.testng.internal.Invoker.invokeMethod(Invoker.java:783)
	at org.testng.internal.Invoker.invokeTestMethod(Invoker.java:894)
	at org.testng.internal.Invoker.invokeTestMethods(Invoker.java:1219)
	at org.testng.internal.TestMethodWorker.invokeTestMethods(TestMethodWorker.java:127)
	at org.testng.internal.TestMethodWorker.run(TestMethodWorker.java:111)
	at org.testng.TestRunner.privateRun(TestRunner.java:768)
	at org.testng.TestRunner.run(TestRunner.java:617)
	at org.testng.SuiteRunner.runTest(SuiteRunner.java:334)
	at org.testng.SuiteRunner.runSequentially(SuiteRunner.java:329)
	at org.testng.SuiteRunner.privateRun(SuiteRunner.java:291)
	at org.testng.SuiteRunner.run(SuiteRunner.java:240)
	at org.testng.SuiteRunnerWorker.runSuite(SuiteRunnerWorker.java:53)
	at org.testng.SuiteRunnerWorker.run(SuiteRunnerWorker.java:87)
	at org.testng.TestNG.runSuitesSequentially(TestNG.java:1188)
	at org.testng.TestNG.runSuitesLocally(TestNG.java:1113)
	at org.testng.TestNG.run(TestNG.java:1025)
	at org.apache.maven.surefire.testng.TestNGExecutor.run(TestNGExecutor.java:77)
	at org.apache.maven.surefire.testng.TestNGDirectoryTestSuite.executeMulti(TestNGDirectoryTestSuite.java:159)
	at org.apache.maven.surefire.testng.TestNGDirectoryTestSuite.execute(TestNGDirectoryTestSuite.java:99)
	at org.apache.maven.surefire.testng.TestNGProvider.invoke(TestNGProvider.java:106)
	at sun.reflect.NativeMethodAccessorImpl.invoke0(Native Method)
	at sun.reflect.NativeMethodAccessorImpl.invoke(NativeMethodAccessorImpl.java:62)
	at sun.reflect.DelegatingMethodAccessorImpl.invoke(DelegatingMethodAccessorImpl.java:43)
	at java.lang.reflect.Method.invoke(Method.java:498)
	at org.apache.maven.surefire.util.ReflectionUtils.invokeMethodWithArray(ReflectionUtils.java:189)
	at org.apache.maven.surefire.booter.ProviderFactory$ProviderProxy.invoke(ProviderFactory.java:165)
	at org.apache.maven.surefire.booter.ProviderFactory.invokeProvider(ProviderFactory.java:85)
	at org.apache.maven.surefire.booter.ForkedBooter.runSuitesInProcess(ForkedBooter.java:115)
	at org.apache.maven.surefire.booter.ForkedBooter.main(ForkedBooter.java:75)
]]>
            </full-stacktrace>
          </exception> <!-- java.lang.IllegalStateException -->
        </test-method> <!-- cleanupBrowser -->
        <test-method status="FAIL" signature="writeToExcel()[pri:0, instance:com.hotelhub.powermode.tests.RegressionTest@6574b225]" name="writeToExcel" is-config="true" duration-ms="0" started-at="2019-04-11T15:45:12Z" finished-at="2019-04-11T15:45:12Z">
          <exception class="java.lang.NullPointerException">
            <full-stacktrace>
              <![CDATA[java.lang.NullPointerException
	at base.Base.writeToExcel(Base.java:121)
	at sun.reflect.NativeMethodAccessorImpl.invoke0(Native Method)
	at sun.reflect.NativeMethodAccessorImpl.invoke(NativeMethodAccessorImpl.java:62)
	at sun.reflect.DelegatingMethodAccessorImpl.invoke(DelegatingMethodAccessorImpl.java:43)
	at java.lang.reflect.Method.invoke(Method.java:498)
	at org.testng.internal.MethodInvocationHelper.invokeMethod(MethodInvocationHelper.java:80)
	at org.testng.internal.Invoker.invokeConfigurationMethod(Invoker.java:551)
	at org.testng.internal.Invoker.invokeConfigurations(Invoker.java:213)
	at org.testng.internal.Invoker.invokeMethod(Invoker.java:783)
	at org.testng.internal.Invoker.invokeTestMethod(Invoker.java:894)
	at org.testng.internal.Invoker.invokeTestMethods(Invoker.java:1219)
	at org.testng.internal.TestMethodWorker.invokeTestMethods(TestMethodWorker.java:127)
	at org.testng.internal.TestMethodWorker.run(TestMethodWorker.java:111)
	at org.testng.TestRunner.privateRun(TestRunner.java:768)
	at org.testng.TestRunner.run(TestRunner.java:617)
	at org.testng.SuiteRunner.runTest(SuiteRunner.java:334)
	at org.testng.SuiteRunner.runSequentially(SuiteRunner.java:329)
	at org.testng.SuiteRunner.privateRun(SuiteRunner.java:291)
	at org.testng.SuiteRunner.run(SuiteRunner.java:240)
	at org.testng.SuiteRunnerWorker.runSuite(SuiteRunnerWorker.java:53)
	at org.testng.SuiteRunnerWorker.run(SuiteRunnerWorker.java:87)
	at org.testng.TestNG.runSuitesSequentially(TestNG.java:1188)
	at org.testng.TestNG.runSuitesLocally(TestNG.java:1113)
	at org.testng.TestNG.run(TestNG.java:1025)
	at org.apache.maven.surefire.testng.TestNGExecutor.run(TestNGExecutor.java:77)
	at org.apache.maven.surefire.testng.TestNGDirectoryTestSuite.executeMulti(TestNGDirectoryTestSuite.java:159)
	at org.apache.maven.surefire.testng.TestNGDirectoryTestSuite.execute(TestNGDirectoryTestSuite.java:99)
	at org.apache.maven.surefire.testng.TestNGProvider.invoke(TestNGProvider.java:106)
	at sun.reflect.NativeMethodAccessorImpl.invoke0(Native Method)
	at sun.reflect.NativeMethodAccessorImpl.invoke(NativeMethodAccessorImpl.java:62)
	at sun.reflect.DelegatingMethodAccessorImpl.invoke(DelegatingMethodAccessorImpl.java:43)
	at java.lang.reflect.Method.invoke(Method.java:498)
	at org.apache.maven.surefire.util.ReflectionUtils.invokeMethodWithArray(ReflectionUtils.java:189)
	at org.apache.maven.surefire.booter.ProviderFactory$ProviderProxy.invoke(ProviderFactory.java:165)
	at org.apache.maven.surefire.booter.ProviderFactory.invokeProvider(ProviderFactory.java:85)
	at org.apache.maven.surefire.booter.ForkedBooter.runSuitesInProcess(ForkedBooter.java:115)
	at org.apache.maven.surefire.booter.ForkedBooter.main(ForkedBooter.java:75)
]]>
            </full-stacktrace>
          </exception> <!-- java.lang.NullPointerException -->
        </test-method> <!-- writeToExcel -->
        <test-method status="SKIP" signature="instantiateBrowser(org.testng.ITestResult)[pri:0, instance:com.hotelhub.powermode.tests.RegressionTest@6574b225]" name="instantiateBrowser" is-config="true" duration-ms="0" started-at="2019-04-11T15:45:12Z" finished-at="2019-04-11T15:45:12Z">
        </test-method> <!-- instantiateBrowser -->
        <test-method status="SKIP" signature="loginToTheApplication()[pri:0, instance:com.hotelhub.powermode.tests.RegressionTest@6574b225]" name="loginToTheApplication" is-config="true" duration-ms="0" started-at="2019-04-11T15:45:12Z" finished-at="2019-04-11T15:45:12Z">
        </test-method> <!-- loginToTheApplication -->
        <test-method status="SKIP" signature="verificationOfPNRReadForApolloGDS(java.lang.String, java.lang.String)[pri:0, instance:com.hotelhub.powermode.tests.RegressionTest@6574b225]" name="verificationOfPNRReadForApolloGDS" duration-ms="0" started-at="2019-04-11T15:45:12Z" data-provider="data" finished-at="2019-04-11T15:45:12Z">
          <params>
            <param index="0">
              <value is-null="true"/>
            </param>
            <param index="1">
              <value is-null="true"/>
            </param>
          </params>
        </test-method> <!-- verificationOfPNRReadForApolloGDS -->
        <test-method status="FAIL" signature="cleanupBrowser()[pri:0, instance:com.hotelhub.powermode.tests.RegressionTest@6574b225]" name="cleanupBrowser" is-config="true" duration-ms="0" started-at="2019-04-11T15:45:12Z" finished-at="2019-04-11T15:45:12Z">
          <exception class="java.lang.IllegalStateException">
            <message>
              <![CDATA[Driver should have not been null.]]>
            </message>
            <full-stacktrace>
              <![CDATA[java.lang.IllegalStateException: Driver should have not been null.
	at base.Base.driver(Base.java:190)
	at base.Base.cleanupBrowser(Base.java:171)
	at sun.reflect.NativeMethodAccessorImpl.invoke0(Native Method)
	at sun.reflect.NativeMethodAccessorImpl.invoke(NativeMethodAccessorImpl.java:62)
	at sun.reflect.DelegatingMethodAccessorImpl.invoke(DelegatingMethodAccessorImpl.java:43)
	at java.lang.reflect.Method.invoke(Method.java:498)
	at org.testng.internal.MethodInvocationHelper.invokeMethod(MethodInvocationHelper.java:80)
	at org.testng.internal.Invoker.invokeConfigurationMethod(Invoker.java:551)
	at org.testng.internal.Invoker.invokeConfigurations(Invoker.java:213)
	at org.testng.internal.Invoker.invokeMethod(Invoker.java:783)
	at org.testng.internal.Invoker.invokeTestMethod(Invoker.java:894)
	at org.testng.internal.Invoker.invokeTestMethods(Invoker.java:1219)
	at org.testng.internal.TestMethodWorker.invokeTestMethods(TestMethodWorker.java:127)
	at org.testng.internal.TestMethodWorker.run(TestMethodWorker.java:111)
	at org.testng.TestRunner.privateRun(TestRunner.java:768)
	at org.testng.TestRunner.run(TestRunner.java:617)
	at org.testng.SuiteRunner.runTest(SuiteRunner.java:334)
	at org.testng.SuiteRunner.runSequentially(SuiteRunner.java:329)
	at org.testng.SuiteRunner.privateRun(SuiteRunner.java:291)
	at org.testng.SuiteRunner.run(SuiteRunner.java:240)
	at org.testng.SuiteRunnerWorker.runSuite(SuiteRunnerWorker.java:53)
	at org.testng.SuiteRunnerWorker.run(SuiteRunnerWorker.java:87)
	at org.testng.TestNG.runSuitesSequentially(TestNG.java:1188)
	at org.testng.TestNG.runSuitesLocally(TestNG.java:1113)
	at org.testng.TestNG.run(TestNG.java:1025)
	at org.apache.maven.surefire.testng.TestNGExecutor.run(TestNGExecutor.java:77)
	at org.apache.maven.surefire.testng.TestNGDirectoryTestSuite.executeMulti(TestNGDirectoryTestSuite.java:159)
	at org.apache.maven.surefire.testng.TestNGDirectoryTestSuite.execute(TestNGDirectoryTestSuite.java:99)
	at org.apache.maven.surefire.testng.TestNGProvider.invoke(TestNGProvider.java:106)
	at sun.reflect.NativeMethodAccessorImpl.invoke0(Native Method)
	at sun.reflect.NativeMethodAccessorImpl.invoke(NativeMethodAccessorImpl.java:62)
	at sun.reflect.DelegatingMethodAccessorImpl.invoke(DelegatingMethodAccessorImpl.java:43)
	at java.lang.reflect.Method.invoke(Method.java:498)
	at org.apache.maven.surefire.util.ReflectionUtils.invokeMethodWithArray(ReflectionUtils.java:189)
	at org.apache.maven.surefire.booter.ProviderFactory$ProviderProxy.invoke(ProviderFactory.java:165)
	at org.apache.maven.surefire.booter.ProviderFactory.invokeProvider(ProviderFactory.java:85)
	at org.apache.maven.surefire.booter.ForkedBooter.runSuitesInProcess(ForkedBooter.java:115)
	at org.apache.maven.surefire.booter.ForkedBooter.main(ForkedBooter.java:75)
]]>
            </full-stacktrace>
          </exception> <!-- java.lang.IllegalStateException -->
        </test-method> <!-- cleanupBrowser -->
        <test-method status="FAIL" signature="writeToExcel()[pri:0, instance:com.hotelhub.powermode.tests.RegressionTest@6574b225]" name="writeToExcel" is-config="true" duration-ms="0" started-at="2019-04-11T15:45:12Z" finished-at="2019-04-11T15:45:12Z">
          <exception class="java.lang.NullPointerException">
            <full-stacktrace>
              <![CDATA[java.lang.NullPointerException
	at base.Base.writeToExcel(Base.java:121)
	at sun.reflect.NativeMethodAccessorImpl.invoke0(Native Method)
	at sun.reflect.NativeMethodAccessorImpl.invoke(NativeMethodAccessorImpl.java:62)
	at sun.reflect.DelegatingMethodAccessorImpl.invoke(DelegatingMethodAccessorImpl.java:43)
	at java.lang.reflect.Method.invoke(Method.java:498)
	at org.testng.internal.MethodInvocationHelper.invokeMethod(MethodInvocationHelper.java:80)
	at org.testng.internal.Invoker.invokeConfigurationMethod(Invoker.java:551)
	at org.testng.internal.Invoker.invokeConfigurations(Invoker.java:213)
	at org.testng.internal.Invoker.invokeMethod(Invoker.java:783)
	at org.testng.internal.Invoker.invokeTestMethod(Invoker.java:894)
	at org.testng.internal.Invoker.invokeTestMethods(Invoker.java:1219)
	at org.testng.internal.TestMethodWorker.invokeTestMethods(TestMethodWorker.java:127)
	at org.testng.internal.TestMethodWorker.run(TestMethodWorker.java:111)
	at org.testng.TestRunner.privateRun(TestRunner.java:768)
	at org.testng.TestRunner.run(TestRunner.java:617)
	at org.testng.SuiteRunner.runTest(SuiteRunner.java:334)
	at org.testng.SuiteRunner.runSequentially(SuiteRunner.java:329)
	at org.testng.SuiteRunner.privateRun(SuiteRunner.java:291)
	at org.testng.SuiteRunner.run(SuiteRunner.java:240)
	at org.testng.SuiteRunnerWorker.runSuite(SuiteRunnerWorker.java:53)
	at org.testng.SuiteRunnerWorker.run(SuiteRunnerWorker.java:87)
	at org.testng.TestNG.runSuitesSequentially(TestNG.java:1188)
	at org.testng.TestNG.runSuitesLocally(TestNG.java:1113)
	at org.testng.TestNG.run(TestNG.java:1025)
	at org.apache.maven.surefire.testng.TestNGExecutor.run(TestNGExecutor.java:77)
	at org.apache.maven.surefire.testng.TestNGDirectoryTestSuite.executeMulti(TestNGDirectoryTestSuite.java:159)
	at org.apache.maven.surefire.testng.TestNGDirectoryTestSuite.execute(TestNGDirectoryTestSuite.java:99)
	at org.apache.maven.surefire.testng.TestNGProvider.invoke(TestNGProvider.java:106)
	at sun.reflect.NativeMethodAccessorImpl.invoke0(Native Method)
	at sun.reflect.NativeMethodAccessorImpl.invoke(NativeMethodAccessorImpl.java:62)
	at sun.reflect.DelegatingMethodAccessorImpl.invoke(DelegatingMethodAccessorImpl.java:43)
	at java.lang.reflect.Method.invoke(Method.java:498)
	at org.apache.maven.surefire.util.ReflectionUtils.invokeMethodWithArray(ReflectionUtils.java:189)
	at org.apache.maven.surefire.booter.ProviderFactory$ProviderProxy.invoke(ProviderFactory.java:165)
	at org.apache.maven.surefire.booter.ProviderFactory.invokeProvider(ProviderFactory.java:85)
	at org.apache.maven.surefire.booter.ForkedBooter.runSuitesInProcess(ForkedBooter.java:115)
	at org.apache.maven.surefire.booter.ForkedBooter.main(ForkedBooter.java:75)
]]>
            </full-stacktrace>
          </exception> <!-- java.lang.NullPointerException -->
        </test-method> <!-- writeToExcel -->
        <test-method status="SKIP" signature="loginToTheApplication()[pri:0, instance:com.hotelhub.powermode.tests.RegressionTest@6574b225]" name="loginToTheApplication" is-config="true" duration-ms="0" started-at="2019-04-11T15:45:12Z" finished-at="2019-04-11T15:45:12Z">
        </test-method> <!-- loginToTheApplication -->
        <test-method status="SKIP" signature="instantiateBrowser(org.testng.ITestResult)[pri:0, instance:com.hotelhub.powermode.tests.RegressionTest@6574b225]" name="instantiateBrowser" is-config="true" duration-ms="0" started-at="2019-04-11T15:45:12Z" finished-at="2019-04-11T15:45:12Z">
        </test-method> <!-- instantiateBrowser -->
        <test-method status="FAIL" signature="cleanupBrowser()[pri:0, instance:com.hotelhub.powermode.tests.RegressionTest@6574b225]" name="cleanupBrowser" is-config="true" duration-ms="0" started-at="2019-04-11T15:45:12Z" finished-at="2019-04-11T15:45:12Z">
          <exception class="java.lang.IllegalStateException">
            <message>
              <![CDATA[Driver should have not been null.]]>
            </message>
            <full-stacktrace>
              <![CDATA[java.lang.IllegalStateException: Driver should have not been null.
	at base.Base.driver(Base.java:190)
	at base.Base.cleanupBrowser(Base.java:171)
	at sun.reflect.NativeMethodAccessorImpl.invoke0(Native Method)
	at sun.reflect.NativeMethodAccessorImpl.invoke(NativeMethodAccessorImpl.java:62)
	at sun.reflect.DelegatingMethodAccessorImpl.invoke(DelegatingMethodAccessorImpl.java:43)
	at java.lang.reflect.Method.invoke(Method.java:498)
	at org.testng.internal.MethodInvocationHelper.invokeMethod(MethodInvocationHelper.java:80)
	at org.testng.internal.Invoker.invokeConfigurationMethod(Invoker.java:551)
	at org.testng.internal.Invoker.invokeConfigurations(Invoker.java:213)
	at org.testng.internal.Invoker.invokeMethod(Invoker.java:783)
	at org.testng.internal.Invoker.invokeTestMethod(Invoker.java:894)
	at org.testng.internal.Invoker.invokeTestMethods(Invoker.java:1219)
	at org.testng.internal.TestMethodWorker.invokeTestMethods(TestMethodWorker.java:127)
	at org.testng.internal.TestMethodWorker.run(TestMethodWorker.java:111)
	at org.testng.TestRunner.privateRun(TestRunner.java:768)
	at org.testng.TestRunner.run(TestRunner.java:617)
	at org.testng.SuiteRunner.runTest(SuiteRunner.java:334)
	at org.testng.SuiteRunner.runSequentially(SuiteRunner.java:329)
	at org.testng.SuiteRunner.privateRun(SuiteRunner.java:291)
	at org.testng.SuiteRunner.run(SuiteRunner.java:240)
	at org.testng.SuiteRunnerWorker.runSuite(SuiteRunnerWorker.java:53)
	at org.testng.SuiteRunnerWorker.run(SuiteRunnerWorker.java:87)
	at org.testng.TestNG.runSuitesSequentially(TestNG.java:1188)
	at org.testng.TestNG.runSuitesLocally(TestNG.java:1113)
	at org.testng.TestNG.run(TestNG.java:1025)
	at org.apache.maven.surefire.testng.TestNGExecutor.run(TestNGExecutor.java:77)
	at org.apache.maven.surefire.testng.TestNGDirectoryTestSuite.executeMulti(TestNGDirectoryTestSuite.java:159)
	at org.apache.maven.surefire.testng.TestNGDirectoryTestSuite.execute(TestNGDirectoryTestSuite.java:99)
	at org.apache.maven.surefire.testng.TestNGProvider.invoke(TestNGProvider.java:106)
	at sun.reflect.NativeMethodAccessorImpl.invoke0(Native Method)
	at sun.reflect.NativeMethodAccessorImpl.invoke(NativeMethodAccessorImpl.java:62)
	at sun.reflect.DelegatingMethodAccessorImpl.invoke(DelegatingMethodAccessorImpl.java:43)
	at java.lang.reflect.Method.invoke(Method.java:498)
	at org.apache.maven.surefire.util.ReflectionUtils.invokeMethodWithArray(ReflectionUtils.java:189)
	at org.apache.maven.surefire.booter.ProviderFactory$ProviderProxy.invoke(ProviderFactory.java:165)
	at org.apache.maven.surefire.booter.ProviderFactory.invokeProvider(ProviderFactory.java:85)
	at org.apache.maven.surefire.booter.ForkedBooter.runSuitesInProcess(ForkedBooter.java:115)
	at org.apache.maven.surefire.booter.ForkedBooter.main(ForkedBooter.java:75)
]]>
            </full-stacktrace>
          </exception> <!-- java.lang.IllegalStateException -->
        </test-method> <!-- cleanupBrowser -->
        <test-method status="SKIP" signature="verificationOfSelectRateFunctionality()[pri:0, instance:com.hotelhub.powermode.tests.RegressionTest@6574b225]" name="verificationOfSelectRateFunctionality" duration-ms="0" started-at="2019-04-11T15:45:12Z" finished-at="2019-04-11T15:45:12Z">
        </test-method> <!-- verificationOfSelectRateFunctionality -->
        <test-method status="FAIL" signature="writeToExcel()[pri:0, instance:com.hotelhub.powermode.tests.RegressionTest@6574b225]" name="writeToExcel" is-config="true" duration-ms="0" started-at="2019-04-11T15:45:12Z" finished-at="2019-04-11T15:45:12Z">
          <exception class="java.lang.NullPointerException">
            <full-stacktrace>
              <![CDATA[java.lang.NullPointerException
	at base.Base.writeToExcel(Base.java:121)
	at sun.reflect.NativeMethodAccessorImpl.invoke0(Native Method)
	at sun.reflect.NativeMethodAccessorImpl.invoke(NativeMethodAccessorImpl.java:62)
	at sun.reflect.DelegatingMethodAccessorImpl.invoke(DelegatingMethodAccessorImpl.java:43)
	at java.lang.reflect.Method.invoke(Method.java:498)
	at org.testng.internal.MethodInvocationHelper.invokeMethod(MethodInvocationHelper.java:80)
	at org.testng.internal.Invoker.invokeConfigurationMethod(Invoker.java:551)
	at org.testng.internal.Invoker.invokeConfigurations(Invoker.java:213)
	at org.testng.internal.Invoker.invokeMethod(Invoker.java:783)
	at org.testng.internal.Invoker.invokeTestMethod(Invoker.java:894)
	at org.testng.internal.Invoker.invokeTestMethods(Invoker.java:1219)
	at org.testng.internal.TestMethodWorker.invokeTestMethods(TestMethodWorker.java:127)
	at org.testng.internal.TestMethodWorker.run(TestMethodWorker.java:111)
	at org.testng.TestRunner.privateRun(TestRunner.java:768)
	at org.testng.TestRunner.run(TestRunner.java:617)
	at org.testng.SuiteRunner.runTest(SuiteRunner.java:334)
	at org.testng.SuiteRunner.runSequentially(SuiteRunner.java:329)
	at org.testng.SuiteRunner.privateRun(SuiteRunner.java:291)
	at org.testng.SuiteRunner.run(SuiteRunner.java:240)
	at org.testng.SuiteRunnerWorker.runSuite(SuiteRunnerWorker.java:53)
	at org.testng.SuiteRunnerWorker.run(SuiteRunnerWorker.java:87)
	at org.testng.TestNG.runSuitesSequentially(TestNG.java:1188)
	at org.testng.TestNG.runSuitesLocally(TestNG.java:1113)
	at org.testng.TestNG.run(TestNG.java:1025)
	at org.apache.maven.surefire.testng.TestNGExecutor.run(TestNGExecutor.java:77)
	at org.apache.maven.surefire.testng.TestNGDirectoryTestSuite.executeMulti(TestNGDirectoryTestSuite.java:159)
	at org.apache.maven.surefire.testng.TestNGDirectoryTestSuite.execute(TestNGDirectoryTestSuite.java:99)
	at org.apache.maven.surefire.testng.TestNGProvider.invoke(TestNGProvider.java:106)
	at sun.reflect.NativeMethodAccessorImpl.invoke0(Native Method)
	at sun.reflect.NativeMethodAccessorImpl.invoke(NativeMethodAccessorImpl.java:62)
	at sun.reflect.DelegatingMethodAccessorImpl.invoke(DelegatingMethodAccessorImpl.java:43)
	at java.lang.reflect.Method.invoke(Method.java:498)
	at org.apache.maven.surefire.util.ReflectionUtils.invokeMethodWithArray(ReflectionUtils.java:189)
	at org.apache.maven.surefire.booter.ProviderFactory$ProviderProxy.invoke(ProviderFactory.java:165)
	at org.apache.maven.surefire.booter.ProviderFactory.invokeProvider(ProviderFactory.java:85)
	at org.apache.maven.surefire.booter.ForkedBooter.runSuitesInProcess(ForkedBooter.java:115)
	at org.apache.maven.surefire.booter.ForkedBooter.main(ForkedBooter.java:75)
]]>
            </full-stacktrace>
          </exception> <!-- java.lang.NullPointerException -->
        </test-method> <!-- writeToExcel -->
        <test-method status="SKIP" signature="verificationOfAmadeusRatesDisplay()[pri:1, instance:com.hotelhub.powermode.tests.RegressionTest@6574b225]" name="verificationOfAmadeusRatesDisplay" duration-ms="0" started-at="2019-04-11T15:45:13Z" finished-at="2019-04-11T15:45:13Z">
        </test-method> <!-- verificationOfAmadeusRatesDisplay -->
        <test-method status="SKIP" signature="loginToTheApplication()[pri:0, instance:com.hotelhub.powermode.tests.RegressionTest@6574b225]" name="loginToTheApplication" is-config="true" duration-ms="0" started-at="2019-04-11T15:45:13Z" finished-at="2019-04-11T15:45:13Z">
        </test-method> <!-- loginToTheApplication -->
        <test-method status="SKIP" signature="instantiateBrowser(org.testng.ITestResult)[pri:0, instance:com.hotelhub.powermode.tests.RegressionTest@6574b225]" name="instantiateBrowser" is-config="true" duration-ms="0" started-at="2019-04-11T15:45:13Z" finished-at="2019-04-11T15:45:13Z">
        </test-method> <!-- instantiateBrowser -->
        <test-method status="FAIL" signature="cleanupBrowser()[pri:0, instance:com.hotelhub.powermode.tests.RegressionTest@6574b225]" name="cleanupBrowser" is-config="true" duration-ms="0" started-at="2019-04-11T15:45:13Z" finished-at="2019-04-11T15:45:13Z">
          <exception class="java.lang.IllegalStateException">
            <message>
              <![CDATA[Driver should have not been null.]]>
            </message>
            <full-stacktrace>
              <![CDATA[java.lang.IllegalStateException: Driver should have not been null.
	at base.Base.driver(Base.java:190)
	at base.Base.cleanupBrowser(Base.java:171)
	at sun.reflect.NativeMethodAccessorImpl.invoke0(Native Method)
	at sun.reflect.NativeMethodAccessorImpl.invoke(NativeMethodAccessorImpl.java:62)
	at sun.reflect.DelegatingMethodAccessorImpl.invoke(DelegatingMethodAccessorImpl.java:43)
	at java.lang.reflect.Method.invoke(Method.java:498)
	at org.testng.internal.MethodInvocationHelper.invokeMethod(MethodInvocationHelper.java:80)
	at org.testng.internal.Invoker.invokeConfigurationMethod(Invoker.java:551)
	at org.testng.internal.Invoker.invokeConfigurations(Invoker.java:213)
	at org.testng.internal.Invoker.invokeMethod(Invoker.java:783)
	at org.testng.internal.Invoker.invokeTestMethod(Invoker.java:894)
	at org.testng.internal.Invoker.invokeTestMethods(Invoker.java:1219)
	at org.testng.internal.TestMethodWorker.invokeTestMethods(TestMethodWorker.java:127)
	at org.testng.internal.TestMethodWorker.run(TestMethodWorker.java:111)
	at org.testng.TestRunner.privateRun(TestRunner.java:768)
	at org.testng.TestRunner.run(TestRunner.java:617)
	at org.testng.SuiteRunner.runTest(SuiteRunner.java:334)
	at org.testng.SuiteRunner.runSequentially(SuiteRunner.java:329)
	at org.testng.SuiteRunner.privateRun(SuiteRunner.java:291)
	at org.testng.SuiteRunner.run(SuiteRunner.java:240)
	at org.testng.SuiteRunnerWorker.runSuite(SuiteRunnerWorker.java:53)
	at org.testng.SuiteRunnerWorker.run(SuiteRunnerWorker.java:87)
	at org.testng.TestNG.runSuitesSequentially(TestNG.java:1188)
	at org.testng.TestNG.runSuitesLocally(TestNG.java:1113)
	at org.testng.TestNG.run(TestNG.java:1025)
	at org.apache.maven.surefire.testng.TestNGExecutor.run(TestNGExecutor.java:77)
	at org.apache.maven.surefire.testng.TestNGDirectoryTestSuite.executeMulti(TestNGDirectoryTestSuite.java:159)
	at org.apache.maven.surefire.testng.TestNGDirectoryTestSuite.execute(TestNGDirectoryTestSuite.java:99)
	at org.apache.maven.surefire.testng.TestNGProvider.invoke(TestNGProvider.java:106)
	at sun.reflect.NativeMethodAccessorImpl.invoke0(Native Method)
	at sun.reflect.NativeMethodAccessorImpl.invoke(NativeMethodAccessorImpl.java:62)
	at sun.reflect.DelegatingMethodAccessorImpl.invoke(DelegatingMethodAccessorImpl.java:43)
	at java.lang.reflect.Method.invoke(Method.java:498)
	at org.apache.maven.surefire.util.ReflectionUtils.invokeMethodWithArray(ReflectionUtils.java:189)
	at org.apache.maven.surefire.booter.ProviderFactory$ProviderProxy.invoke(ProviderFactory.java:165)
	at org.apache.maven.surefire.booter.ProviderFactory.invokeProvider(ProviderFactory.java:85)
	at org.apache.maven.surefire.booter.ForkedBooter.runSuitesInProcess(ForkedBooter.java:115)
	at org.apache.maven.surefire.booter.ForkedBooter.main(ForkedBooter.java:75)
]]>
            </full-stacktrace>
          </exception> <!-- java.lang.IllegalStateException -->
        </test-method> <!-- cleanupBrowser -->
        <test-method status="FAIL" signature="writeToExcel()[pri:0, instance:com.hotelhub.powermode.tests.RegressionTest@6574b225]" name="writeToExcel" is-config="true" duration-ms="0" started-at="2019-04-11T15:45:13Z" finished-at="2019-04-11T15:45:13Z">
          <exception class="java.lang.NullPointerException">
            <full-stacktrace>
              <![CDATA[java.lang.NullPointerException
	at base.Base.writeToExcel(Base.java:121)
	at sun.reflect.NativeMethodAccessorImpl.invoke0(Native Method)
	at sun.reflect.NativeMethodAccessorImpl.invoke(NativeMethodAccessorImpl.java:62)
	at sun.reflect.DelegatingMethodAccessorImpl.invoke(DelegatingMethodAccessorImpl.java:43)
	at java.lang.reflect.Method.invoke(Method.java:498)
	at org.testng.internal.MethodInvocationHelper.invokeMethod(MethodInvocationHelper.java:80)
	at org.testng.internal.Invoker.invokeConfigurationMethod(Invoker.java:551)
	at org.testng.internal.Invoker.invokeConfigurations(Invoker.java:213)
	at org.testng.internal.Invoker.invokeMethod(Invoker.java:783)
	at org.testng.internal.Invoker.invokeTestMethod(Invoker.java:894)
	at org.testng.internal.Invoker.invokeTestMethods(Invoker.java:1219)
	at org.testng.internal.TestMethodWorker.invokeTestMethods(TestMethodWorker.java:127)
	at org.testng.internal.TestMethodWorker.run(TestMethodWorker.java:111)
	at org.testng.TestRunner.privateRun(TestRunner.java:768)
	at org.testng.TestRunner.run(TestRunner.java:617)
	at org.testng.SuiteRunner.runTest(SuiteRunner.java:334)
	at org.testng.SuiteRunner.runSequentially(SuiteRunner.java:329)
	at org.testng.SuiteRunner.privateRun(SuiteRunner.java:291)
	at org.testng.SuiteRunner.run(SuiteRunner.java:240)
	at org.testng.SuiteRunnerWorker.runSuite(SuiteRunnerWorker.java:53)
	at org.testng.SuiteRunnerWorker.run(SuiteRunnerWorker.java:87)
	at org.testng.TestNG.runSuitesSequentially(TestNG.java:1188)
	at org.testng.TestNG.runSuitesLocally(TestNG.java:1113)
	at org.testng.TestNG.run(TestNG.java:1025)
	at org.apache.maven.surefire.testng.TestNGExecutor.run(TestNGExecutor.java:77)
	at org.apache.maven.surefire.testng.TestNGDirectoryTestSuite.executeMulti(TestNGDirectoryTestSuite.java:159)
	at org.apache.maven.surefire.testng.TestNGDirectoryTestSuite.execute(TestNGDirectoryTestSuite.java:99)
	at org.apache.maven.surefire.testng.TestNGProvider.invoke(TestNGProvider.java:106)
	at sun.reflect.NativeMethodAccessorImpl.invoke0(Native Method)
	at sun.reflect.NativeMethodAccessorImpl.invoke(NativeMethodAccessorImpl.java:62)
	at sun.reflect.DelegatingMethodAccessorImpl.invoke(DelegatingMethodAccessorImpl.java:43)
	at java.lang.reflect.Method.invoke(Method.java:498)
	at org.apache.maven.surefire.util.ReflectionUtils.invokeMethodWithArray(ReflectionUtils.java:189)
	at org.apache.maven.surefire.booter.ProviderFactory$ProviderProxy.invoke(ProviderFactory.java:165)
	at org.apache.maven.surefire.booter.ProviderFactory.invokeProvider(ProviderFactory.java:85)
	at org.apache.maven.surefire.booter.ForkedBooter.runSuitesInProcess(ForkedBooter.java:115)
	at org.apache.maven.surefire.booter.ForkedBooter.main(ForkedBooter.java:75)
]]>
            </full-stacktrace>
          </exception> <!-- java.lang.NullPointerException -->
        </test-method> <!-- writeToExcel -->
        <test-method status="SKIP" signature="loginToTheApplication()[pri:0, instance:com.hotelhub.powermode.tests.RegressionTest@6574b225]" name="loginToTheApplication" is-config="true" duration-ms="0" started-at="2019-04-11T15:45:13Z" finished-at="2019-04-11T15:45:13Z">
        </test-method> <!-- loginToTheApplication -->
        <test-method status="SKIP" signature="instantiateBrowser(org.testng.ITestResult)[pri:0, instance:com.hotelhub.powermode.tests.RegressionTest@6574b225]" name="instantiateBrowser" is-config="true" duration-ms="0" started-at="2019-04-11T15:45:13Z" finished-at="2019-04-11T15:45:13Z">
        </test-method> <!-- instantiateBrowser -->
        <test-method status="SKIP" signature="verificationOfDestinationSearchAirportAndHotel()[pri:1, instance:com.hotelhub.powermode.tests.RegressionTest@6574b225]" name="verificationOfDestinationSearchAirportAndHotel" duration-ms="0" started-at="2019-04-11T15:45:13Z" finished-at="2019-04-11T15:45:13Z">
        </test-method> <!-- verificationOfDestinationSearchAirportAndHotel -->
        <test-method status="FAIL" signature="cleanupBrowser()[pri:0, instance:com.hotelhub.powermode.tests.RegressionTest@6574b225]" name="cleanupBrowser" is-config="true" duration-ms="0" started-at="2019-04-11T15:45:13Z" finished-at="2019-04-11T15:45:13Z">
          <exception class="java.lang.IllegalStateException">
            <message>
              <![CDATA[Driver should have not been null.]]>
            </message>
            <full-stacktrace>
              <![CDATA[java.lang.IllegalStateException: Driver should have not been null.
	at base.Base.driver(Base.java:190)
	at base.Base.cleanupBrowser(Base.java:171)
	at sun.reflect.NativeMethodAccessorImpl.invoke0(Native Method)
	at sun.reflect.NativeMethodAccessorImpl.invoke(NativeMethodAccessorImpl.java:62)
	at sun.reflect.DelegatingMethodAccessorImpl.invoke(DelegatingMethodAccessorImpl.java:43)
	at java.lang.reflect.Method.invoke(Method.java:498)
	at org.testng.internal.MethodInvocationHelper.invokeMethod(MethodInvocationHelper.java:80)
	at org.testng.internal.Invoker.invokeConfigurationMethod(Invoker.java:551)
	at org.testng.internal.Invoker.invokeConfigurations(Invoker.java:213)
	at org.testng.internal.Invoker.invokeMethod(Invoker.java:783)
	at org.testng.internal.Invoker.invokeTestMethod(Invoker.java:894)
	at org.testng.internal.Invoker.invokeTestMethods(Invoker.java:1219)
	at org.testng.internal.TestMethodWorker.invokeTestMethods(TestMethodWorker.java:127)
	at org.testng.internal.TestMethodWorker.run(TestMethodWorker.java:111)
	at org.testng.TestRunner.privateRun(TestRunner.java:768)
	at org.testng.TestRunner.run(TestRunner.java:617)
	at org.testng.SuiteRunner.runTest(SuiteRunner.java:334)
	at org.testng.SuiteRunner.runSequentially(SuiteRunner.java:329)
	at org.testng.SuiteRunner.privateRun(SuiteRunner.java:291)
	at org.testng.SuiteRunner.run(SuiteRunner.java:240)
	at org.testng.SuiteRunnerWorker.runSuite(SuiteRunnerWorker.java:53)
	at org.testng.SuiteRunnerWorker.run(SuiteRunnerWorker.java:87)
	at org.testng.TestNG.runSuitesSequentially(TestNG.java:1188)
	at org.testng.TestNG.runSuitesLocally(TestNG.java:1113)
	at org.testng.TestNG.run(TestNG.java:1025)
	at org.apache.maven.surefire.testng.TestNGExecutor.run(TestNGExecutor.java:77)
	at org.apache.maven.surefire.testng.TestNGDirectoryTestSuite.executeMulti(TestNGDirectoryTestSuite.java:159)
	at org.apache.maven.surefire.testng.TestNGDirectoryTestSuite.execute(TestNGDirectoryTestSuite.java:99)
	at org.apache.maven.surefire.testng.TestNGProvider.invoke(TestNGProvider.java:106)
	at sun.reflect.NativeMethodAccessorImpl.invoke0(Native Method)
	at sun.reflect.NativeMethodAccessorImpl.invoke(NativeMethodAccessorImpl.java:62)
	at sun.reflect.DelegatingMethodAccessorImpl.invoke(DelegatingMethodAccessorImpl.java:43)
	at java.lang.reflect.Method.invoke(Method.java:498)
	at org.apache.maven.surefire.util.ReflectionUtils.invokeMethodWithArray(ReflectionUtils.java:189)
	at org.apache.maven.surefire.booter.ProviderFactory$ProviderProxy.invoke(ProviderFactory.java:165)
	at org.apache.maven.surefire.booter.ProviderFactory.invokeProvider(ProviderFactory.java:85)
	at org.apache.maven.surefire.booter.ForkedBooter.runSuitesInProcess(ForkedBooter.java:115)
	at org.apache.maven.surefire.booter.ForkedBooter.main(ForkedBooter.java:75)
]]>
            </full-stacktrace>
          </exception> <!-- java.lang.IllegalStateException -->
        </test-method> <!-- cleanupBrowser -->
        <test-method status="FAIL" signature="writeToExcel()[pri:0, instance:com.hotelhub.powermode.tests.RegressionTest@6574b225]" name="writeToExcel" is-config="true" duration-ms="0" started-at="2019-04-11T15:45:13Z" finished-at="2019-04-11T15:45:13Z">
          <exception class="java.lang.NullPointerException">
            <full-stacktrace>
              <![CDATA[java.lang.NullPointerException
	at base.Base.writeToExcel(Base.java:121)
	at sun.reflect.NativeMethodAccessorImpl.invoke0(Native Method)
	at sun.reflect.NativeMethodAccessorImpl.invoke(NativeMethodAccessorImpl.java:62)
	at sun.reflect.DelegatingMethodAccessorImpl.invoke(DelegatingMethodAccessorImpl.java:43)
	at java.lang.reflect.Method.invoke(Method.java:498)
	at org.testng.internal.MethodInvocationHelper.invokeMethod(MethodInvocationHelper.java:80)
	at org.testng.internal.Invoker.invokeConfigurationMethod(Invoker.java:551)
	at org.testng.internal.Invoker.invokeConfigurations(Invoker.java:213)
	at org.testng.internal.Invoker.invokeMethod(Invoker.java:783)
	at org.testng.internal.Invoker.invokeTestMethod(Invoker.java:894)
	at org.testng.internal.Invoker.invokeTestMethods(Invoker.java:1219)
	at org.testng.internal.TestMethodWorker.invokeTestMethods(TestMethodWorker.java:127)
	at org.testng.internal.TestMethodWorker.run(TestMethodWorker.java:111)
	at org.testng.TestRunner.privateRun(TestRunner.java:768)
	at org.testng.TestRunner.run(TestRunner.java:617)
	at org.testng.SuiteRunner.runTest(SuiteRunner.java:334)
	at org.testng.SuiteRunner.runSequentially(SuiteRunner.java:329)
	at org.testng.SuiteRunner.privateRun(SuiteRunner.java:291)
	at org.testng.SuiteRunner.run(SuiteRunner.java:240)
	at org.testng.SuiteRunnerWorker.runSuite(SuiteRunnerWorker.java:53)
	at org.testng.SuiteRunnerWorker.run(SuiteRunnerWorker.java:87)
	at org.testng.TestNG.runSuitesSequentially(TestNG.java:1188)
	at org.testng.TestNG.runSuitesLocally(TestNG.java:1113)
	at org.testng.TestNG.run(TestNG.java:1025)
	at org.apache.maven.surefire.testng.TestNGExecutor.run(TestNGExecutor.java:77)
	at org.apache.maven.surefire.testng.TestNGDirectoryTestSuite.executeMulti(TestNGDirectoryTestSuite.java:159)
	at org.apache.maven.surefire.testng.TestNGDirectoryTestSuite.execute(TestNGDirectoryTestSuite.java:99)
	at org.apache.maven.surefire.testng.TestNGProvider.invoke(TestNGProvider.java:106)
	at sun.reflect.NativeMethodAccessorImpl.invoke0(Native Method)
	at sun.reflect.NativeMethodAccessorImpl.invoke(NativeMethodAccessorImpl.java:62)
	at sun.reflect.DelegatingMethodAccessorImpl.invoke(DelegatingMethodAccessorImpl.java:43)
	at java.lang.reflect.Method.invoke(Method.java:498)
	at org.apache.maven.surefire.util.ReflectionUtils.invokeMethodWithArray(ReflectionUtils.java:189)
	at org.apache.maven.surefire.booter.ProviderFactory$ProviderProxy.invoke(ProviderFactory.java:165)
	at org.apache.maven.surefire.booter.ProviderFactory.invokeProvider(ProviderFactory.java:85)
	at org.apache.maven.surefire.booter.ForkedBooter.runSuitesInProcess(ForkedBooter.java:115)
	at org.apache.maven.surefire.booter.ForkedBooter.main(ForkedBooter.java:75)
]]>
            </full-stacktrace>
          </exception> <!-- java.lang.NullPointerException -->
        </test-method> <!-- writeToExcel -->
        <test-method status="SKIP" signature="loginToTheApplication()[pri:0, instance:com.hotelhub.powermode.tests.RegressionTest@6574b225]" name="loginToTheApplication" is-config="true" duration-ms="0" started-at="2019-04-11T15:45:13Z" finished-at="2019-04-11T15:45:13Z">
        </test-method> <!-- loginToTheApplication -->
        <test-method status="SKIP" signature="verificationOfDestinationSearchAll()[pri:1, instance:com.hotelhub.powermode.tests.RegressionTest@6574b225]" name="verificationOfDestinationSearchAll" duration-ms="0" started-at="2019-04-11T15:45:13Z" finished-at="2019-04-11T15:45:13Z">
        </test-method> <!-- verificationOfDestinationSearchAll -->
        <test-method status="SKIP" signature="instantiateBrowser(org.testng.ITestResult)[pri:0, instance:com.hotelhub.powermode.tests.RegressionTest@6574b225]" name="instantiateBrowser" is-config="true" duration-ms="0" started-at="2019-04-11T15:45:13Z" finished-at="2019-04-11T15:45:13Z">
        </test-method> <!-- instantiateBrowser -->
        <test-method status="FAIL" signature="cleanupBrowser()[pri:0, instance:com.hotelhub.powermode.tests.RegressionTest@6574b225]" name="cleanupBrowser" is-config="true" duration-ms="0" started-at="2019-04-11T15:45:13Z" finished-at="2019-04-11T15:45:13Z">
          <exception class="java.lang.IllegalStateException">
            <message>
              <![CDATA[Driver should have not been null.]]>
            </message>
            <full-stacktrace>
              <![CDATA[java.lang.IllegalStateException: Driver should have not been null.
	at base.Base.driver(Base.java:190)
	at base.Base.cleanupBrowser(Base.java:171)
	at sun.reflect.NativeMethodAccessorImpl.invoke0(Native Method)
	at sun.reflect.NativeMethodAccessorImpl.invoke(NativeMethodAccessorImpl.java:62)
	at sun.reflect.DelegatingMethodAccessorImpl.invoke(DelegatingMethodAccessorImpl.java:43)
	at java.lang.reflect.Method.invoke(Method.java:498)
	at org.testng.internal.MethodInvocationHelper.invokeMethod(MethodInvocationHelper.java:80)
	at org.testng.internal.Invoker.invokeConfigurationMethod(Invoker.java:551)
	at org.testng.internal.Invoker.invokeConfigurations(Invoker.java:213)
	at org.testng.internal.Invoker.invokeMethod(Invoker.java:783)
	at org.testng.internal.Invoker.invokeTestMethod(Invoker.java:894)
	at org.testng.internal.Invoker.invokeTestMethods(Invoker.java:1219)
	at org.testng.internal.TestMethodWorker.invokeTestMethods(TestMethodWorker.java:127)
	at org.testng.internal.TestMethodWorker.run(TestMethodWorker.java:111)
	at org.testng.TestRunner.privateRun(TestRunner.java:768)
	at org.testng.TestRunner.run(TestRunner.java:617)
	at org.testng.SuiteRunner.runTest(SuiteRunner.java:334)
	at org.testng.SuiteRunner.runSequentially(SuiteRunner.java:329)
	at org.testng.SuiteRunner.privateRun(SuiteRunner.java:291)
	at org.testng.SuiteRunner.run(SuiteRunner.java:240)
	at org.testng.SuiteRunnerWorker.runSuite(SuiteRunnerWorker.java:53)
	at org.testng.SuiteRunnerWorker.run(SuiteRunnerWorker.java:87)
	at org.testng.TestNG.runSuitesSequentially(TestNG.java:1188)
	at org.testng.TestNG.runSuitesLocally(TestNG.java:1113)
	at org.testng.TestNG.run(TestNG.java:1025)
	at org.apache.maven.surefire.testng.TestNGExecutor.run(TestNGExecutor.java:77)
	at org.apache.maven.surefire.testng.TestNGDirectoryTestSuite.executeMulti(TestNGDirectoryTestSuite.java:159)
[...]
	at org.apache.maven.surefire.testng.TestNGProvider.invoke(TestNGProvider.java:106)
	at sun.reflect.NativeMethodAccessorImpl.invoke0(Native Method)
	at sun.reflect.NativeMethodAccessorImpl.invoke(NativeMethodAccessorImpl.java:62)
	at sun.reflect.DelegatingMethodAccessorImpl.invoke(DelegatingMethodAccessorImpl.java:43)
	at java.lang.reflect.Method.invoke(Method.java:498)
	at org.apache.maven.surefire.util.ReflectionUtils.invokeMethodWithArray(ReflectionUtils.java:189)
	at org.apache.maven.surefire.booter.ProviderFactory$ProviderProxy.invoke(ProviderFactory.java:165)
	at org.apache.maven.surefire.booter.ProviderFactory.invokeProvider(ProviderFactory.java:85)
	at org.apache.maven.surefire.booter.ForkedBooter.runSuitesInProcess(ForkedBooter.java:115)
	at org.apache.maven.surefire.booter.ForkedBooter.main(ForkedBooter.java:75)
]]>
            </full-stacktrace>
          </exception> <!-- java.lang.IllegalStateException -->
        </test-method> <!-- cleanupBrowser -->
        <test-method status="SKIP" signature="instantiateBrowser(org.testng.ITestResult)[pri:0, instance:com.hotelhub.powermode.tests.HotelBookingTest@32e6e9c3]" name="instantiateBrowser" is-config="true" duration-ms="0" started-at="2019-04-11T15:45:14Z" finished-at="2019-04-11T15:45:14Z">
        </test-method> <!-- instantiateBrowser -->
        <test-method status="FAIL" signature="writeToExcel()[pri:0, instance:com.hotelhub.powermode.tests.HotelBookingTest@32e6e9c3]" name="writeToExcel" is-config="true" duration-ms="0" started-at="2019-04-11T15:45:14Z" finished-at="2019-04-11T15:45:14Z">
          <exception class="java.lang.NullPointerException">
            <full-stacktrace>
              <![CDATA[java.lang.NullPointerException
	at base.Base.writeToExcel(Base.java:121)
	at sun.reflect.GeneratedMethodAccessor32.invoke(Unknown Source)
	at sun.reflect.DelegatingMethodAccessorImpl.invoke(DelegatingMethodAccessorImpl.java:43)
	at java.lang.reflect.Method.invoke(Method.java:498)
	at org.testng.internal.MethodInvocationHelper.invokeMethod(MethodInvocationHelper.java:80)
	at org.testng.internal.Invoker.invokeConfigurationMethod(Invoker.java:551)
	at org.testng.internal.Invoker.invokeConfigurations(Invoker.java:213)
	at org.testng.internal.Invoker.invokeMethod(Invoker.java:783)
	at org.testng.internal.Invoker.invokeTestMethod(Invoker.java:894)
	at org.testng.internal.Invoker.invokeTestMethods(Invoker.java:1219)
	at org.testng.internal.TestMethodWorker.invokeTestMethods(TestMethodWorker.java:127)
	at org.testng.internal.TestMethodWorker.run(TestMethodWorker.java:111)
	at org.testng.TestRunner.privateRun(TestRunner.java:768)
	at org.testng.TestRunner.run(TestRunner.java:617)
	at org.testng.SuiteRunner.runTest(SuiteRunner.java:334)
	at org.testng.SuiteRunner.runSequentially(SuiteRunner.java:329)
	at org.testng.SuiteRunner.privateRun(SuiteRunner.java:291)
	at org.testng.SuiteRunner.run(SuiteRunner.java:240)
	at org.testng.SuiteRunnerWorker.runSuite(SuiteRunnerWorker.java:53)
	at org.testng.SuiteRunnerWorker.run(SuiteRunnerWorker.java:87)
	at org.testng.TestNG.runSuitesSequentially(TestNG.java:1188)
	at org.testng.TestNG.runSuitesLocally(TestNG.java:1113)
	at org.testng.TestNG.run(TestNG.java:1025)
	at org.apache.maven.surefire.testng.TestNGExecutor.run(TestNGExecutor.java:77)
	at org.apache.maven.surefire.testng.TestNGDirectoryTestSuite.executeMulti(TestNGDirectoryTestSuite.java:159)
	at org.apache.maven.surefire.testng.TestNGDirectoryTestSuite.execute(TestNGDirectoryTestSuite.java:99)
	at org.apache.maven.surefire.testng.TestNGProvider.invoke(TestNGProvider.java:106)
	at sun.reflect.NativeMethodAccessorImpl.invoke0(Native Method)
	at sun.reflect.NativeMethodAccessorImpl.invoke(NativeMethodAccessorImpl.java:62)
	at sun.reflect.DelegatingMethodAccessorImpl.invoke(DelegatingMethodAccessorImpl.java:43)
	at java.lang.reflect.Method.invoke(Method.java:498)
	at org.apache.maven.surefire.util.ReflectionUtils.invokeMethodWithArray(ReflectionUtils.java:189)
	at org.apache.maven.surefire.booter.ProviderFactory$ProviderProxy.invoke(ProviderFactory.java:165)
	at org.apache.maven.surefire.booter.ProviderFactory.invokeProvider(ProviderFactory.java:85)
	at org.apache.maven.surefire.booter.ForkedBooter.runSuitesInProcess(ForkedBooter.java:115)
	at org.apache.maven.surefire.booter.ForkedBooter.main(ForkedBooter.java:75)
]]>
            </full-stacktrace>
          </exception> <!-- java.lang.NullPointerException -->
        </test-method> <!-- writeToExcel -->
        <test-method status="SKIP" signature="loginToTheApplication()[pri:0, instance:com.hotelhub.powermode.tests.HotelBookingTest@32e6e9c3]" name="loginToTheApplication" is-config="true" duration-ms="0" started-at="2019-04-11T15:45:14Z" finished-at="2019-04-11T15:45:14Z">
        </test-method> <!-- loginToTheApplication -->
        <test-method status="SKIP" signature="HHEbookingWithPortraitCard()[pri:3, instance:com.hotelhub.powermode.tests.HotelBookingTest@32e6e9c3]" name="HHEbookingWithPortraitCard" duration-ms="0" started-at="2019-04-11T15:45:14Z" finished-at="2019-04-11T15:45:14Z">
        </test-method> <!-- HHEbookingWithPortraitCard -->
        <test-method status="SKIP" signature="instantiateBrowser(org.testng.ITestResult)[pri:0, instance:com.hotelhub.powermode.tests.HotelBookingTest@32e6e9c3]" name="instantiateBrowser" is-config="true" duration-ms="0" started-at="2019-04-11T15:45:14Z" finished-at="2019-04-11T15:45:14Z">
        </test-method> <!-- instantiateBrowser -->
        <test-method status="FAIL" signature="cleanupBrowser()[pri:0, instance:com.hotelhub.powermode.tests.HotelBookingTest@32e6e9c3]" name="cleanupBrowser" is-config="true" duration-ms="0" started-at="2019-04-11T15:45:14Z" finished-at="2019-04-11T15:45:14Z">
          <exception class="java.lang.IllegalStateException">
            <message>
              <![CDATA[Driver should have not been null.]]>
            </message>
            <full-stacktrace>
              <![CDATA[java.lang.IllegalStateException: Driver should have not been null.
	at base.Base.driver(Base.java:190)
	at base.Base.cleanupBrowser(Base.java:171)
	at sun.reflect.GeneratedMethodAccessor26.invoke(Unknown Source)
	at sun.reflect.DelegatingMethodAccessorImpl.invoke(DelegatingMethodAccessorImpl.java:43)
	at java.lang.reflect.Method.invoke(Method.java:498)
	at org.testng.internal.MethodInvocationHelper.invokeMethod(MethodInvocationHelper.java:80)
	at org.testng.internal.Invoker.invokeConfigurationMethod(Invoker.java:551)
	at org.testng.internal.Invoker.invokeConfigurations(Invoker.java:213)
	at org.testng.internal.Invoker.invokeMethod(Invoker.java:783)
	at org.testng.internal.Invoker.invokeTestMethod(Invoker.java:894)
	at org.testng.internal.Invoker.invokeTestMethods(Invoker.java:1219)
	at org.testng.internal.TestMethodWorker.invokeTestMethods(TestMethodWorker.java:127)
	at org.testng.internal.TestMethodWorker.run(TestMethodWorker.java:111)
	at org.testng.TestRunner.privateRun(TestRunner.java:768)
	at org.testng.TestRunner.run(TestRunner.java:617)
	at org.testng.SuiteRunner.runTest(SuiteRunner.java:334)
	at org.testng.SuiteRunner.runSequentially(SuiteRunner.java:329)
	at org.testng.SuiteRunner.privateRun(SuiteRunner.java:291)
	at org.testng.SuiteRunner.run(SuiteRunner.java:240)
	at org.testng.SuiteRunnerWorker.runSuite(SuiteRunnerWorker.java:53)
	at org.testng.SuiteRunnerWorker.run(SuiteRunnerWorker.java:87)
	at org.testng.TestNG.runSuitesSequentially(TestNG.java:1188)
	at org.testng.TestNG.runSuitesLocally(TestNG.java:1113)
	at org.testng.TestNG.run(TestNG.java:1025)
	at org.apache.maven.surefire.testng.TestNGExecutor.run(TestNGExecutor.java:77)
	at org.apache.maven.surefire.testng.TestNGDirectoryTestSuite.executeMulti(TestNGDirectoryTestSuite.java:159)
	at org.apache.maven.surefire.testng.TestNGDirectoryTestSuite.execute(TestNGDirectoryTestSuite.java:99)
	at org.apache.maven.surefire.testng.TestNGProvider.invoke(TestNGProvider.java:106)
	at sun.reflect.NativeMethodAccessorImpl.invoke0(Native Method)
	at sun.reflect.NativeMethodAccessorImpl.invoke(NativeMethodAccessorImpl.java:62)
	at sun.reflect.DelegatingMethodAccessorImpl.invoke(DelegatingMethodAccessorImpl.java:43)
	at java.lang.reflect.Method.invoke(Method.java:498)
	at org.apache.maven.surefire.util.ReflectionUtils.invokeMethodWithArray(ReflectionUtils.java:189)
	at org.apache.maven.surefire.booter.ProviderFactory$ProviderProxy.invoke(ProviderFactory.java:165)
	at org.apache.maven.surefire.booter.ProviderFactory.invokeProvider(ProviderFactory.java:85)
	at org.apache.maven.surefire.booter.ForkedBooter.runSuitesInProcess(ForkedBooter.java:115)
	at org.apache.maven.surefire.booter.ForkedBooter.main(ForkedBooter.java:75)
]]>
            </full-stacktrace>
          </exception> <!-- java.lang.IllegalStateException -->
        </test-method> <!-- cleanupBrowser -->
        <test-method status="FAIL" signature="writeToExcel()[pri:0, instance:com.hotelhub.powermode.tests.HotelBookingTest@32e6e9c3]" name="writeToExcel" is-config="true" duration-ms="0" started-at="2019-04-11T15:45:14Z" finished-at="2019-04-11T15:45:14Z">
          <exception class="java.lang.NullPointerException">
            <full-stacktrace>
              <![CDATA[java.lang.NullPointerException
	at base.Base.writeToExcel(Base.java:121)
	at sun.reflect.GeneratedMethodAccessor32.invoke(Unknown Source)
	at sun.reflect.DelegatingMethodAccessorImpl.invoke(DelegatingMethodAccessorImpl.java:43)
	at java.lang.reflect.Method.invoke(Method.java:498)
	at org.testng.internal.MethodInvocationHelper.invokeMethod(MethodInvocationHelper.java:80)
	at org.testng.internal.Invoker.invokeConfigurationMethod(Invoker.java:551)
	at org.testng.internal.Invoker.invokeConfigurations(Invoker.java:213)
	at org.testng.internal.Invoker.invokeMethod(Invoker.java:783)
	at org.testng.internal.Invoker.invokeTestMethod(Invoker.java:894)
	at org.testng.internal.Invoker.invokeTestMethods(Invoker.java:1219)
	at org.testng.internal.TestMethodWorker.invokeTestMethods(TestMethodWorker.java:127)
	at org.testng.internal.TestMethodWorker.run(TestMethodWorker.java:111)
	at org.testng.TestRunner.privateRun(TestRunner.java:768)
	at org.testng.TestRunner.run(TestRunner.java:617)
	at org.testng.SuiteRunner.runTest(SuiteRunner.java:334)
	at org.testng.SuiteRunner.runSequentially(SuiteRunner.java:329)
	at org.testng.SuiteRunner.privateRun(SuiteRunner.java:291)
	at org.testng.SuiteRunner.run(SuiteRunner.java:240)
	at org.testng.SuiteRunnerWorker.runSuite(SuiteRunnerWorker.java:53)
	at org.testng.SuiteRunnerWorker.run(SuiteRunnerWorker.java:87)
	at org.testng.TestNG.runSuitesSequentially(TestNG.java:1188)
	at org.testng.TestNG.runSuitesLocally(TestNG.java:1113)
	at org.testng.TestNG.run(TestNG.java:1025)
	at org.apache.maven.surefire.testng.TestNGExecutor.run(TestNGExecutor.java:77)
	at org.apache.maven.surefire.testng.TestNGDirectoryTestSuite.executeMulti(TestNGDirectoryTestSuite.java:159)
	at org.apache.maven.surefire.testng.TestNGDirectoryTestSuite.execute(TestNGDirectoryTestSuite.java:99)
	at org.apache.maven.surefire.testng.TestNGProvider.invoke(TestNGProvider.java:106)
	at sun.reflect.NativeMethodAccessorImpl.invoke0(Native Method)
	at sun.reflect.NativeMethodAccessorImpl.invoke(NativeMethodAccessorImpl.java:62)
	at sun.reflect.DelegatingMethodAccessorImpl.invoke(DelegatingMethodAccessorImpl.java:43)
	at java.lang.reflect.Method.invoke(Method.java:498)
	at org.apache.maven.surefire.util.ReflectionUtils.invokeMethodWithArray(ReflectionUtils.java:189)
	at org.apache.maven.surefire.booter.ProviderFactory$ProviderProxy.invoke(ProviderFactory.java:165)
	at org.apache.maven.surefire.booter.ProviderFactory.invokeProvider(ProviderFactory.java:85)
	at org.apache.maven.surefire.booter.ForkedBooter.runSuitesInProcess(ForkedBooter.java:115)
	at org.apache.maven.surefire.booter.ForkedBooter.main(ForkedBooter.java:75)
]]>
            </full-stacktrace>
          </exception> <!-- java.lang.NullPointerException -->
        </test-method> <!-- writeToExcel -->
        <test-method status="SKIP" signature="instantiateBrowser(org.testng.ITestResult)[pri:0, instance:com.hotelhub.powermode.tests.HotelBookingTest@32e6e9c3]" name="instantiateBrowser" is-config="true" duration-ms="0" started-at="2019-04-11T15:45:14Z" finished-at="2019-04-11T15:45:14Z">
        </test-method> <!-- instantiateBrowser -->
        <test-method status="SKIP" signature="loginToTheApplication()[pri:0, instance:com.hotelhub.powermode.tests.HotelBookingTest@32e6e9c3]" name="loginToTheApplication" is-config="true" duration-ms="0" started-at="2019-04-11T15:45:14Z" finished-at="2019-04-11T15:45:14Z">
        </test-method> <!-- loginToTheApplication -->
        <test-method status="FAIL" signature="cleanupBrowser()[pri:0, instance:com.hotelhub.powermode.tests.HotelBookingTest@32e6e9c3]" name="cleanupBrowser" is-config="true" duration-ms="0" started-at="2019-04-11T15:45:14Z" finished-at="2019-04-11T15:45:14Z">
          <exception class="java.lang.IllegalStateException">
            <message>
              <![CDATA[Driver should have not been null.]]>
            </message>
            <full-stacktrace>
              <![CDATA[java.lang.IllegalStateException: Driver should have not been null.
	at base.Base.driver(Base.java:190)
	at base.Base.cleanupBrowser(Base.java:171)
	at sun.reflect.GeneratedMethodAccessor26.invoke(Unknown Source)
	at sun.reflect.DelegatingMethodAccessorImpl.invoke(DelegatingMethodAccessorImpl.java:43)
	at java.lang.reflect.Method.invoke(Method.java:498)
	at org.testng.internal.MethodInvocationHelper.invokeMethod(MethodInvocationHelper.java:80)
	at org.testng.internal.Invoker.invokeConfigurationMethod(Invoker.java:551)
	at org.testng.internal.Invoker.invokeConfigurations(Invoker.java:213)
	at org.testng.internal.Invoker.invokeMethod(Invoker.java:783)
	at org.testng.internal.Invoker.invokeTestMethod(Invoker.java:894)
	at org.testng.internal.Invoker.invokeTestMethods(Invoker.java:1219)
	at org.testng.internal.TestMethodWorker.invokeTestMethods(TestMethodWorker.java:127)
	at org.testng.internal.TestMethodWorker.run(TestMethodWorker.java:111)
	at org.testng.TestRunner.privateRun(TestRunner.java:768)
	at org.testng.TestRunner.run(TestRunner.java:617)
	at org.testng.SuiteRunner.runTest(SuiteRunner.java:334)
	at org.testng.SuiteRunner.runSequentially(SuiteRunner.java:329)
	at org.testng.SuiteRunner.privateRun(SuiteRunner.java:291)
	at org.testng.SuiteRunner.run(SuiteRunner.java:240)
	at org.testng.SuiteRunnerWorker.runSuite(SuiteRunnerWorker.java:53)
	at org.testng.SuiteRunnerWorker.run(SuiteRunnerWorker.java:87)
	at org.testng.TestNG.runSuitesSequentially(TestNG.java:1188)
	at org.testng.TestNG.runSuitesLocally(TestNG.java:1113)
	at org.testng.TestNG.run(TestNG.java:1025)
	at org.apache.maven.surefire.testng.TestNGExecutor.run(TestNGExecutor.java:77)
	at org.apache.maven.surefire.testng.TestNGDirectoryTestSuite.executeMulti(TestNGDirectoryTestSuite.java:159)
	at org.apache.maven.surefire.testng.TestNGDirectoryTestSuite.execute(TestNGDirectoryTestSuite.java:99)
	at org.apache.maven.surefire.testng.TestNGProvider.invoke(TestNGProvider.java:106)
	at sun.reflect.NativeMethodAccessorImpl.invoke0(Native Method)
	at sun.reflect.NativeMethodAccessorImpl.invoke(NativeMethodAccessorImpl.java:62)
	at sun.reflect.DelegatingMethodAccessorImpl.invoke(DelegatingMethodAccessorImpl.java:43)
	at java.lang.reflect.Method.invoke(Method.java:498)
	at org.apache.maven.surefire.util.ReflectionUtils.invokeMethodWithArray(ReflectionUtils.java:189)
	at org.apache.maven.surefire.booter.ProviderFactory$ProviderProxy.invoke(ProviderFactory.java:165)
	at org.apache.maven.surefire.booter.ProviderFactory.invokeProvider(ProviderFactory.java:85)
	at org.apache.maven.surefire.booter.ForkedBooter.runSuitesInProcess(ForkedBooter.java:115)
	at org.apache.maven.surefire.booter.ForkedBooter.main(ForkedBooter.java:75)
]]>
            </full-stacktrace>
          </exception> <!-- java.lang.IllegalStateException -->
        </test-method> <!-- cleanupBrowser -->
        <test-method status="SKIP" signature="HHEbookingByAddingNewVISACard()[pri:4, instance:com.hotelhub.powermode.tests.HotelBookingTest@32e6e9c3]" name="HHEbookingByAddingNewVISACard" duration-ms="0" started-at="2019-04-11T15:45:14Z" finished-at="2019-04-11T15:45:14Z">
        </test-method> <!-- HHEbookingByAddingNewVISACard -->
        <test-method status="FAIL" signature="writeToExcel()[pri:0, instance:com.hotelhub.powermode.tests.HotelBookingTest@32e6e9c3]" name="writeToExcel" is-config="true" duration-ms="0" started-at="2019-04-11T15:45:14Z" finished-at="2019-04-11T15:45:14Z">
          <exception class="java.lang.NullPointerException">
            <full-stacktrace>
              <![CDATA[java.lang.NullPointerException
	at base.Base.writeToExcel(Base.java:121)
	at sun.reflect.GeneratedMethodAccessor32.invoke(Unknown Source)
	at sun.reflect.DelegatingMethodAccessorImpl.invoke(DelegatingMethodAccessorImpl.java:43)
	at java.lang.reflect.Method.invoke(Method.java:498)
	at org.testng.internal.MethodInvocationHelper.invokeMethod(MethodInvocationHelper.java:80)
	at org.testng.internal.Invoker.invokeConfigurationMethod(Invoker.java:551)
	at org.testng.internal.Invoker.invokeConfigurations(Invoker.java:213)
	at org.testng.internal.Invoker.invokeMethod(Invoker.java:783)
	at org.testng.internal.Invoker.invokeTestMethod(Invoker.java:894)
	at org.testng.internal.Invoker.invokeTestMethods(Invoker.java:1219)
	at org.testng.internal.TestMethodWorker.invokeTestMethods(TestMethodWorker.java:127)
	at org.testng.internal.TestMethodWorker.run(TestMethodWorker.java:111)
	at org.testng.TestRunner.privateRun(TestRunner.java:768)
	at org.testng.TestRunner.run(TestRunner.java:617)
	at org.testng.SuiteRunner.runTest(SuiteRunner.java:334)
	at org.testng.SuiteRunner.runSequentially(SuiteRunner.java:329)
	at org.testng.SuiteRunner.privateRun(SuiteRunner.java:291)
	at org.testng.SuiteRunner.run(SuiteRunner.java:240)
	at org.testng.SuiteRunnerWorker.runSuite(SuiteRunnerWorker.java:53)
	at org.testng.SuiteRunnerWorker.run(SuiteRunnerWorker.java:87)
	at org.testng.TestNG.runSuitesSequentially(TestNG.java:1188)
	at org.testng.TestNG.runSuitesLocally(TestNG.java:1113)
	at org.testng.TestNG.run(TestNG.java:1025)
	at org.apache.maven.surefire.testng.TestNGExecutor.run(TestNGExecutor.java:77)
	at org.apache.maven.surefire.testng.TestNGDirectoryTestSuite.executeMulti(TestNGDirectoryTestSuite.java:159)
	at org.apache.maven.surefire.testng.TestNGDirectoryTestSuite.execute(TestNGDirectoryTestSuite.java:99)
	at org.apache.maven.surefire.testng.TestNGProvider.invoke(TestNGProvider.java:106)
	at sun.reflect.NativeMethodAccessorImpl.invoke0(Native Method)
	at sun.reflect.NativeMethodAccessorImpl.invoke(NativeMethodAccessorImpl.java:62)
	at sun.reflect.DelegatingMethodAccessorImpl.invoke(DelegatingMethodAccessorImpl.java:43)
	at java.lang.reflect.Method.invoke(Method.java:498)
	at org.apache.maven.surefire.util.ReflectionUtils.invokeMethodWithArray(ReflectionUtils.java:189)
	at org.apache.maven.surefire.booter.ProviderFactory$ProviderProxy.invoke(ProviderFactory.java:165)
	at org.apache.maven.surefire.booter.ProviderFactory.invokeProvider(ProviderFactory.java:85)
	at org.apache.maven.surefire.booter.ForkedBooter.runSuitesInProcess(ForkedBooter.java:115)
	at org.apache.maven.surefire.booter.ForkedBooter.main(ForkedBooter.java:75)
]]>
            </full-stacktrace>
          </exception> <!-- java.lang.NullPointerException -->
        </test-method> <!-- writeToExcel -->
        <test-method status="PASS" signature="copyExtent()[pri:0, instance:com.hotelhub.powermode.tests.HotelBookingTest@32e6e9c3]" name="copyExtent" is-config="true" duration-ms="33" started-at="2019-04-11T15:45:15Z" finished-at="2019-04-11T15:45:15Z">
        </test-method> <!-- copyExtent -->
      </class> <!-- com.hotelhub.powermode.tests.HotelBookingTest -->
    </test> <!-- Command line test -->
  </suite> <!-- Command line suite -->
</testng-results>
